GowinSynthesis start
Running parser ...
Analyzing Verilog file 'D:\MetaWise\Documents\020220\debug_module\FPGA_debugModule\debug_module_spyglass_signoff_fpga\src\cdc_41bits_reg.sv'
Analyzing Verilog file 'D:\MetaWise\Documents\020220\debug_module\FPGA_debugModule\debug_module_spyglass_signoff_fpga\src\cdc_64bits_reg.sv'
Analyzing Verilog file 'D:\MetaWise\Documents\020220\debug_module\FPGA_debugModule\debug_module_spyglass_signoff_fpga\src\debug.sv'
Undeclared symbol 'dmi_write_data0', assumed default net type 'wire'("D:\MetaWise\Documents\020220\debug_module\FPGA_debugModule\debug_module_spyglass_signoff_fpga\src\debug.sv":679)
Analyzing Verilog file 'D:\MetaWise\Documents\020220\debug_module\FPGA_debugModule\debug_module_spyglass_signoff_fpga\src\DebugModule.sv'
Analyzing Verilog file 'D:\MetaWise\Documents\020220\debug_module\FPGA_debugModule\debug_module_spyglass_signoff_fpga\src\DebugModule_top.sv'
Analyzing Verilog file 'D:\MetaWise\Documents\020220\debug_module\FPGA_debugModule\debug_module_spyglass_signoff_fpga\src\dtm.sv'
Analyzing Verilog file 'D:\MetaWise\Documents\020220\debug_module\FPGA_debugModule\debug_module_spyglass_signoff_fpga\src\jtag_tap_statemachine.sv'
Analyzing Verilog file 'D:\MetaWise\Documents\020220\debug_module\FPGA_debugModule\debug_module_spyglass_signoff_fpga\src\spi_direct.sv'
Analyzing Verilog file 'D:\MetaWise\Documents\020220\debug_module\FPGA_debugModule\debug_module_spyglass_signoff_fpga\src\strace.sv'
Analyzing Verilog file 'D:\MetaWise\Documents\020220\debug_module\FPGA_debugModule\debug_module_spyglass_signoff_fpga\src\trace_fifo.sv'
Analyzing Verilog file 'D:\MetaWise\Documents\020220\debug_module\FPGA_debugModule\debug_module_spyglass_signoff_fpga\src\trace_update.sv'
WARN  (EX3073) : Port 'spi_csn' remains unconnected for this instance("D:\MetaWise\Documents\020220\debug_module\FPGA_debugModule\debug_module_spyglass_signoff_fpga\src\DebugModule_top.sv":71)
Compiling module 'DebugModule_top'("D:\MetaWise\Documents\020220\debug_module\FPGA_debugModule\debug_module_spyglass_signoff_fpga\src\DebugModule_top.sv":30)
Compiling module 'DebugModule'("D:\MetaWise\Documents\020220\debug_module\FPGA_debugModule\debug_module_spyglass_signoff_fpga\src\DebugModule.sv":32)
Compiling module 'dtm'("D:\MetaWise\Documents\020220\debug_module\FPGA_debugModule\debug_module_spyglass_signoff_fpga\src\dtm.sv":33)
Compiling module 'jtag_tap_statemachine'("D:\MetaWise\Documents\020220\debug_module\FPGA_debugModule\debug_module_spyglass_signoff_fpga\src\jtag_tap_statemachine.sv":33)
Compiling module 'cdc_41bits_reg'("D:\MetaWise\Documents\020220\debug_module\FPGA_debugModule\debug_module_spyglass_signoff_fpga\src\cdc_41bits_reg.sv":32)
Compiling module 'debug'("D:\MetaWise\Documents\020220\debug_module\FPGA_debugModule\debug_module_spyglass_signoff_fpga\src\debug.sv":32)
WARN  (EX3791) : Expression size 8 truncated to fit in target size 5("D:\MetaWise\Documents\020220\debug_module\FPGA_debugModule\debug_module_spyglass_signoff_fpga\src\debug.sv":560)
WARN  (EX2420) : Latch inferred for net 'abcs_t[31]'; We do not recommend the use of latches in FPGA designs, as they may lead to timing problems("D:\MetaWise\Documents\020220\debug_module\FPGA_debugModule\debug_module_spyglass_signoff_fpga\src\debug.sv":1131)
WARN  (EX2420) : Latch inferred for net 'halted[31]'; We do not recommend the use of latches in FPGA designs, as they may lead to timing problems("D:\MetaWise\Documents\020220\debug_module\FPGA_debugModule\debug_module_spyglass_signoff_fpga\src\debug.sv":1492)
Compiling module 'cdc_64bits_reg'("D:\MetaWise\Documents\020220\debug_module\FPGA_debugModule\debug_module_spyglass_signoff_fpga\src\cdc_64bits_reg.sv":32)
Compiling module 'spi_direct'("D:\MetaWise\Documents\020220\debug_module\FPGA_debugModule\debug_module_spyglass_signoff_fpga\src\spi_direct.sv":33)
WARN  (EX3791) : Expression size 32 truncated to fit in target size 4("D:\MetaWise\Documents\020220\debug_module\FPGA_debugModule\debug_module_spyglass_signoff_fpga\src\spi_direct.sv":710)
Compiling module 'strace'("D:\MetaWise\Documents\020220\debug_module\FPGA_debugModule\debug_module_spyglass_signoff_fpga\src\strace.sv":33)
Compiling module 'trace_fifo'("D:\MetaWise\Documents\020220\debug_module\FPGA_debugModule\debug_module_spyglass_signoff_fpga\src\trace_fifo.sv":34)
Compiling module 'trace_update'("D:\MetaWise\Documents\020220\debug_module\FPGA_debugModule\debug_module_spyglass_signoff_fpga\src\trace_update.sv":33)
WARN  (EX2565) : Input 'spi_miso' on this instance is undriven. Assigning to 0, simulation mismatch possible. Please assign the input or remove the declaration("D:\MetaWise\Documents\020220\debug_module\FPGA_debugModule\debug_module_spyglass_signoff_fpga\src\DebugModule_top.sv":71)
WARN  (EX2565) : Input 'hart_pc[31]' on this instance is undriven. Assigning to 0, simulation mismatch possible. Please assign the input or remove the declaration("D:\MetaWise\Documents\020220\debug_module\FPGA_debugModule\debug_module_spyglass_signoff_fpga\src\DebugModule_top.sv":71)
WARN  (EX2565) : Input 'hart_pc[30]' on this instance is undriven. Assigning to 0, simulation mismatch possible. Please assign the input or remove the declaration("D:\MetaWise\Documents\020220\debug_module\FPGA_debugModule\debug_module_spyglass_signoff_fpga\src\DebugModule_top.sv":71)
WARN  (EX2565) : Input 'hart_pc[29]' on this instance is undriven. Assigning to 0, simulation mismatch possible. Please assign the input or remove the declaration("D:\MetaWise\Documents\020220\debug_module\FPGA_debugModule\debug_module_spyglass_signoff_fpga\src\DebugModule_top.sv":71)
WARN  (EX2565) : Input 'hart_pc[28]' on this instance is undriven. Assigning to 0, simulation mismatch possible. Please assign the input or remove the declaration("D:\MetaWise\Documents\020220\debug_module\FPGA_debugModule\debug_module_spyglass_signoff_fpga\src\DebugModule_top.sv":71)
WARN  (EX2565) : Input 'hart_pc[27]' on this instance is undriven. Assigning to 0, simulation mismatch possible. Please assign the input or remove the declaration("D:\MetaWise\Documents\020220\debug_module\FPGA_debugModule\debug_module_spyglass_signoff_fpga\src\DebugModule_top.sv":71)
WARN  (EX2565) : Input 'hart_pc[26]' on this instance is undriven. Assigning to 0, simulation mismatch possible. Please assign the input or remove the declaration("D:\MetaWise\Documents\020220\debug_module\FPGA_debugModule\debug_module_spyglass_signoff_fpga\src\DebugModule_top.sv":71)
WARN  (EX2565) : Input 'hart_pc[25]' on this instance is undriven. Assigning to 0, simulation mismatch possible. Please assign the input or remove the declaration("D:\MetaWise\Documents\020220\debug_module\FPGA_debugModule\debug_module_spyglass_signoff_fpga\src\DebugModule_top.sv":71)
WARN  (EX2565) : Input 'hart_pc[24]' on this instance is undriven. Assigning to 0, simulation mismatch possible. Please assign the input or remove the declaration("D:\MetaWise\Documents\020220\debug_module\FPGA_debugModule\debug_module_spyglass_signoff_fpga\src\DebugModule_top.sv":71)
WARN  (EX2565) : Input 'hart_pc[23]' on this instance is undriven. Assigning to 0, simulation mismatch possible. Please assign the input or remove the declaration("D:\MetaWise\Documents\020220\debug_module\FPGA_debugModule\debug_module_spyglass_signoff_fpga\src\DebugModule_top.sv":71)
WARN  (EX2565) : Input 'hart_pc[22]' on this instance is undriven. Assigning to 0, simulation mismatch possible. Please assign the input or remove the declaration("D:\MetaWise\Documents\020220\debug_module\FPGA_debugModule\debug_module_spyglass_signoff_fpga\src\DebugModule_top.sv":71)
WARN  (EX2565) : Input 'hart_pc[21]' on this instance is undriven. Assigning to 0, simulation mismatch possible. Please assign the input or remove the declaration("D:\MetaWise\Documents\020220\debug_module\FPGA_debugModule\debug_module_spyglass_signoff_fpga\src\DebugModule_top.sv":71)
WARN  (EX2565) : Input 'hart_pc[20]' on this instance is undriven. Assigning to 0, simulation mismatch possible. Please assign the input or remove the declaration("D:\MetaWise\Documents\020220\debug_module\FPGA_debugModule\debug_module_spyglass_signoff_fpga\src\DebugModule_top.sv":71)
WARN  (EX2565) : Input 'hart_pc[19]' on this instance is undriven. Assigning to 0, simulation mismatch possible. Please assign the input or remove the declaration("D:\MetaWise\Documents\020220\debug_module\FPGA_debugModule\debug_module_spyglass_signoff_fpga\src\DebugModule_top.sv":71)
WARN  (EX2565) : Input 'hart_pc[18]' on this instance is undriven. Assigning to 0, simulation mismatch possible. Please assign the input or remove the declaration("D:\MetaWise\Documents\020220\debug_module\FPGA_debugModule\debug_module_spyglass_signoff_fpga\src\DebugModule_top.sv":71)
WARN  (EX2565) : Input 'hart_pc[17]' on this instance is undriven. Assigning to 0, simulation mismatch possible. Please assign the input or remove the declaration("D:\MetaWise\Documents\020220\debug_module\FPGA_debugModule\debug_module_spyglass_signoff_fpga\src\DebugModule_top.sv":71)
WARN  (EX2565) : Input 'hart_pc[16]' on this instance is undriven. Assigning to 0, simulation mismatch possible. Please assign the input or remove the declaration("D:\MetaWise\Documents\020220\debug_module\FPGA_debugModule\debug_module_spyglass_signoff_fpga\src\DebugModule_top.sv":71)
WARN  (EX2565) : Input 'hart_pc[15]' on this instance is undriven. Assigning to 0, simulation mismatch possible. Please assign the input or remove the declaration("D:\MetaWise\Documents\020220\debug_module\FPGA_debugModule\debug_module_spyglass_signoff_fpga\src\DebugModule_top.sv":71)
WARN  (EX2565) : Input 'hart_pc[14]' on this instance is undriven. Assigning to 0, simulation mismatch possible. Please assign the input or remove the declaration("D:\MetaWise\Documents\020220\debug_module\FPGA_debugModule\debug_module_spyglass_signoff_fpga\src\DebugModule_top.sv":71)
WARN  (EX2565) : Input 'hart_pc[13]' on this instance is undriven. Assigning to 0, simulation mismatch possible. Please assign the input or remove the declaration("D:\MetaWise\Documents\020220\debug_module\FPGA_debugModule\debug_module_spyglass_signoff_fpga\src\DebugModule_top.sv":71)
WARN  (EX2565) : Input 'hart_pc[12]' on this instance is undriven. Assigning to 0, simulation mismatch possible. Please assign the input or remove the declaration("D:\MetaWise\Documents\020220\debug_module\FPGA_debugModule\debug_module_spyglass_signoff_fpga\src\DebugModule_top.sv":71)
WARN  (EX2565) : Input 'hart_pc[11]' on this instance is undriven. Assigning to 0, simulation mismatch possible. Please assign the input or remove the declaration("D:\MetaWise\Documents\020220\debug_module\FPGA_debugModule\debug_module_spyglass_signoff_fpga\src\DebugModule_top.sv":71)
WARN  (EX2565) : Input 'hart_pc[10]' on this instance is undriven. Assigning to 0, simulation mismatch possible. Please assign the input or remove the declaration("D:\MetaWise\Documents\020220\debug_module\FPGA_debugModule\debug_module_spyglass_signoff_fpga\src\DebugModule_top.sv":71)
WARN  (EX2565) : Input 'hart_pc[9]' on this instance is undriven. Assigning to 0, simulation mismatch possible. Please assign the input or remove the declaration("D:\MetaWise\Documents\020220\debug_module\FPGA_debugModule\debug_module_spyglass_signoff_fpga\src\DebugModule_top.sv":71)
WARN  (EX2565) : Input 'hart_pc[8]' on this instance is undriven. Assigning to 0, simulation mismatch possible. Please assign the input or remove the declaration("D:\MetaWise\Documents\020220\debug_module\FPGA_debugModule\debug_module_spyglass_signoff_fpga\src\DebugModule_top.sv":71)
WARN  (EX2565) : Input 'hart_pc[7]' on this instance is undriven. Assigning to 0, simulation mismatch possible. Please assign the input or remove the declaration("D:\MetaWise\Documents\020220\debug_module\FPGA_debugModule\debug_module_spyglass_signoff_fpga\src\DebugModule_top.sv":71)
WARN  (EX2565) : Input 'hart_pc[6]' on this instance is undriven. Assigning to 0, simulation mismatch possible. Please assign the input or remove the declaration("D:\MetaWise\Documents\020220\debug_module\FPGA_debugModule\debug_module_spyglass_signoff_fpga\src\DebugModule_top.sv":71)
WARN  (EX2565) : Input 'hart_pc[5]' on this instance is undriven. Assigning to 0, simulation mismatch possible. Please assign the input or remove the declaration("D:\MetaWise\Documents\020220\debug_module\FPGA_debugModule\debug_module_spyglass_signoff_fpga\src\DebugModule_top.sv":71)
WARN  (EX2565) : Input 'hart_pc[4]' on this instance is undriven. Assigning to 0, simulation mismatch possible. Please assign the input or remove the declaration("D:\MetaWise\Documents\020220\debug_module\FPGA_debugModule\debug_module_spyglass_signoff_fpga\src\DebugModule_top.sv":71)
WARN  (EX2565) : Input 'hart_pc[3]' on this instance is undriven. Assigning to 0, simulation mismatch possible. Please assign the input or remove the declaration("D:\MetaWise\Documents\020220\debug_module\FPGA_debugModule\debug_module_spyglass_signoff_fpga\src\DebugModule_top.sv":71)
WARN  (EX2565) : Input 'hart_pc[2]' on this instance is undriven. Assigning to 0, simulation mismatch possible. Please assign the input or remove the declaration("D:\MetaWise\Documents\020220\debug_module\FPGA_debugModule\debug_module_spyglass_signoff_fpga\src\DebugModule_top.sv":71)
WARN  (EX2565) : Input 'hart_pc[1]' on this instance is undriven. Assigning to 0, simulation mismatch possible. Please assign the input or remove the declaration("D:\MetaWise\Documents\020220\debug_module\FPGA_debugModule\debug_module_spyglass_signoff_fpga\src\DebugModule_top.sv":71)
WARN  (EX2565) : Input 'hart_pc[0]' on this instance is undriven. Assigning to 0, simulation mismatch possible. Please assign the input or remove the declaration("D:\MetaWise\Documents\020220\debug_module\FPGA_debugModule\debug_module_spyglass_signoff_fpga\src\DebugModule_top.sv":71)
WARN  (EX2565) : Input 'hart_code[31]' on this instance is undriven. Assigning to 0, simulation mismatch possible. Please assign the input or remove the declaration("D:\MetaWise\Documents\020220\debug_module\FPGA_debugModule\debug_module_spyglass_signoff_fpga\src\DebugModule_top.sv":71)
WARN  (EX2565) : Input 'hart_code[30]' on this instance is undriven. Assigning to 0, simulation mismatch possible. Please assign the input or remove the declaration("D:\MetaWise\Documents\020220\debug_module\FPGA_debugModule\debug_module_spyglass_signoff_fpga\src\DebugModule_top.sv":71)
WARN  (EX2565) : Input 'hart_code[29]' on this instance is undriven. Assigning to 0, simulation mismatch possible. Please assign the input or remove the declaration("D:\MetaWise\Documents\020220\debug_module\FPGA_debugModule\debug_module_spyglass_signoff_fpga\src\DebugModule_top.sv":71)
WARN  (EX2565) : Input 'hart_code[28]' on this instance is undriven. Assigning to 0, simulation mismatch possible. Please assign the input or remove the declaration("D:\MetaWise\Documents\020220\debug_module\FPGA_debugModule\debug_module_spyglass_signoff_fpga\src\DebugModule_top.sv":71)
WARN  (EX2565) : Input 'hart_code[27]' on this instance is undriven. Assigning to 0, simulation mismatch possible. Please assign the input or remove the declaration("D:\MetaWise\Documents\020220\debug_module\FPGA_debugModule\debug_module_spyglass_signoff_fpga\src\DebugModule_top.sv":71)
WARN  (EX2565) : Input 'hart_code[26]' on this instance is undriven. Assigning to 0, simulation mismatch possible. Please assign the input or remove the declaration("D:\MetaWise\Documents\020220\debug_module\FPGA_debugModule\debug_module_spyglass_signoff_fpga\src\DebugModule_top.sv":71)
WARN  (EX2565) : Input 'hart_code[25]' on this instance is undriven. Assigning to 0, simulation mismatch possible. Please assign the input or remove the declaration("D:\MetaWise\Documents\020220\debug_module\FPGA_debugModule\debug_module_spyglass_signoff_fpga\src\DebugModule_top.sv":71)
WARN  (EX2565) : Input 'hart_code[24]' on this instance is undriven. Assigning to 0, simulation mismatch possible. Please assign the input or remove the declaration("D:\MetaWise\Documents\020220\debug_module\FPGA_debugModule\debug_module_spyglass_signoff_fpga\src\DebugModule_top.sv":71)
WARN  (EX2565) : Input 'hart_code[23]' on this instance is undriven. Assigning to 0, simulation mismatch possible. Please assign the input or remove the declaration("D:\MetaWise\Documents\020220\debug_module\FPGA_debugModule\debug_module_spyglass_signoff_fpga\src\DebugModule_top.sv":71)
WARN  (EX2565) : Input 'hart_code[22]' on this instance is undriven. Assigning to 0, simulation mismatch possible. Please assign the input or remove the declaration("D:\MetaWise\Documents\020220\debug_module\FPGA_debugModule\debug_module_spyglass_signoff_fpga\src\DebugModule_top.sv":71)
WARN  (EX2565) : Input 'hart_code[21]' on this instance is undriven. Assigning to 0, simulation mismatch possible. Please assign the input or remove the declaration("D:\MetaWise\Documents\020220\debug_module\FPGA_debugModule\debug_module_spyglass_signoff_fpga\src\DebugModule_top.sv":71)
WARN  (EX2565) : Input 'hart_code[20]' on this instance is undriven. Assigning to 0, simulation mismatch possible. Please assign the input or remove the declaration("D:\MetaWise\Documents\020220\debug_module\FPGA_debugModule\debug_module_spyglass_signoff_fpga\src\DebugModule_top.sv":71)
WARN  (EX2565) : Input 'hart_code[19]' on this instance is undriven. Assigning to 0, simulation mismatch possible. Please assign the input or remove the declaration("D:\MetaWise\Documents\020220\debug_module\FPGA_debugModule\debug_module_spyglass_signoff_fpga\src\DebugModule_top.sv":71)
WARN  (EX2565) : Input 'hart_code[18]' on this instance is undriven. Assigning to 0, simulation mismatch possible. Please assign the input or remove the declaration("D:\MetaWise\Documents\020220\debug_module\FPGA_debugModule\debug_module_spyglass_signoff_fpga\src\DebugModule_top.sv":71)
WARN  (EX2565) : Input 'hart_code[17]' on this instance is undriven. Assigning to 0, simulation mismatch possible. Please assign the input or remove the declaration("D:\MetaWise\Documents\020220\debug_module\FPGA_debugModule\debug_module_spyglass_signoff_fpga\src\DebugModule_top.sv":71)
WARN  (EX2565) : Input 'hart_code[16]' on this instance is undriven. Assigning to 0, simulation mismatch possible. Please assign the input or remove the declaration("D:\MetaWise\Documents\020220\debug_module\FPGA_debugModule\debug_module_spyglass_signoff_fpga\src\DebugModule_top.sv":71)
WARN  (EX2565) : Input 'hart_code[15]' on this instance is undriven. Assigning to 0, simulation mismatch possible. Please assign the input or remove the declaration("D:\MetaWise\Documents\020220\debug_module\FPGA_debugModule\debug_module_spyglass_signoff_fpga\src\DebugModule_top.sv":71)
WARN  (EX2565) : Input 'hart_code[14]' on this instance is undriven. Assigning to 0, simulation mismatch possible. Please assign the input or remove the declaration("D:\MetaWise\Documents\020220\debug_module\FPGA_debugModule\debug_module_spyglass_signoff_fpga\src\DebugModule_top.sv":71)
WARN  (EX2565) : Input 'hart_code[13]' on this instance is undriven. Assigning to 0, simulation mismatch possible. Please assign the input or remove the declaration("D:\MetaWise\Documents\020220\debug_module\FPGA_debugModule\debug_module_spyglass_signoff_fpga\src\DebugModule_top.sv":71)
WARN  (EX2565) : Input 'hart_code[12]' on this instance is undriven. Assigning to 0, simulation mismatch possible. Please assign the input or remove the declaration("D:\MetaWise\Documents\020220\debug_module\FPGA_debugModule\debug_module_spyglass_signoff_fpga\src\DebugModule_top.sv":71)
WARN  (EX2565) : Input 'hart_code[11]' on this instance is undriven. Assigning to 0, simulation mismatch possible. Please assign the input or remove the declaration("D:\MetaWise\Documents\020220\debug_module\FPGA_debugModule\debug_module_spyglass_signoff_fpga\src\DebugModule_top.sv":71)
WARN  (EX2565) : Input 'hart_code[10]' on this instance is undriven. Assigning to 0, simulation mismatch possible. Please assign the input or remove the declaration("D:\MetaWise\Documents\020220\debug_module\FPGA_debugModule\debug_module_spyglass_signoff_fpga\src\DebugModule_top.sv":71)
WARN  (EX2565) : Input 'hart_code[9]' on this instance is undriven. Assigning to 0, simulation mismatch possible. Please assign the input or remove the declaration("D:\MetaWise\Documents\020220\debug_module\FPGA_debugModule\debug_module_spyglass_signoff_fpga\src\DebugModule_top.sv":71)
WARN  (EX2565) : Input 'hart_code[8]' on this instance is undriven. Assigning to 0, simulation mismatch possible. Please assign the input or remove the declaration("D:\MetaWise\Documents\020220\debug_module\FPGA_debugModule\debug_module_spyglass_signoff_fpga\src\DebugModule_top.sv":71)
WARN  (EX2565) : Input 'hart_code[7]' on this instance is undriven. Assigning to 0, simulation mismatch possible. Please assign the input or remove the declaration("D:\MetaWise\Documents\020220\debug_module\FPGA_debugModule\debug_module_spyglass_signoff_fpga\src\DebugModule_top.sv":71)
WARN  (EX2565) : Input 'hart_code[6]' on this instance is undriven. Assigning to 0, simulation mismatch possible. Please assign the input or remove the declaration("D:\MetaWise\Documents\020220\debug_module\FPGA_debugModule\debug_module_spyglass_signoff_fpga\src\DebugModule_top.sv":71)
WARN  (EX2565) : Input 'hart_code[5]' on this instance is undriven. Assigning to 0, simulation mismatch possible. Please assign the input or remove the declaration("D:\MetaWise\Documents\020220\debug_module\FPGA_debugModule\debug_module_spyglass_signoff_fpga\src\DebugModule_top.sv":71)
WARN  (EX2565) : Input 'hart_code[4]' on this instance is undriven. Assigning to 0, simulation mismatch possible. Please assign the input or remove the declaration("D:\MetaWise\Documents\020220\debug_module\FPGA_debugModule\debug_module_spyglass_signoff_fpga\src\DebugModule_top.sv":71)
WARN  (EX2565) : Input 'hart_code[3]' on this instance is undriven. Assigning to 0, simulation mismatch possible. Please assign the input or remove the declaration("D:\MetaWise\Documents\020220\debug_module\FPGA_debugModule\debug_module_spyglass_signoff_fpga\src\DebugModule_top.sv":71)
WARN  (EX2565) : Input 'hart_code[2]' on this instance is undriven. Assigning to 0, simulation mismatch possible. Please assign the input or remove the declaration("D:\MetaWise\Documents\020220\debug_module\FPGA_debugModule\debug_module_spyglass_signoff_fpga\src\DebugModule_top.sv":71)
WARN  (EX2565) : Input 'hart_code[1]' on this instance is undriven. Assigning to 0, simulation mismatch possible. Please assign the input or remove the declaration("D:\MetaWise\Documents\020220\debug_module\FPGA_debugModule\debug_module_spyglass_signoff_fpga\src\DebugModule_top.sv":71)
WARN  (EX2565) : Input 'hart_code[0]' on this instance is undriven. Assigning to 0, simulation mismatch possible. Please assign the input or remove the declaration("D:\MetaWise\Documents\020220\debug_module\FPGA_debugModule\debug_module_spyglass_signoff_fpga\src\DebugModule_top.sv":71)
WARN  (EX2565) : Input 'hart_ra[31]' on this instance is undriven. Assigning to 0, simulation mismatch possible. Please assign the input or remove the declaration("D:\MetaWise\Documents\020220\debug_module\FPGA_debugModule\debug_module_spyglass_signoff_fpga\src\DebugModule_top.sv":71)
WARN  (EX2565) : Input 'hart_ra[30]' on this instance is undriven. Assigning to 0, simulation mismatch possible. Please assign the input or remove the declaration("D:\MetaWise\Documents\020220\debug_module\FPGA_debugModule\debug_module_spyglass_signoff_fpga\src\DebugModule_top.sv":71)
WARN  (EX2565) : Input 'hart_ra[29]' on this instance is undriven. Assigning to 0, simulation mismatch possible. Please assign the input or remove the declaration("D:\MetaWise\Documents\020220\debug_module\FPGA_debugModule\debug_module_spyglass_signoff_fpga\src\DebugModule_top.sv":71)
WARN  (EX2565) : Input 'hart_ra[28]' on this instance is undriven. Assigning to 0, simulation mismatch possible. Please assign the input or remove the declaration("D:\MetaWise\Documents\020220\debug_module\FPGA_debugModule\debug_module_spyglass_signoff_fpga\src\DebugModule_top.sv":71)
WARN  (EX2565) : Input 'hart_ra[27]' on this instance is undriven. Assigning to 0, simulation mismatch possible. Please assign the input or remove the declaration("D:\MetaWise\Documents\020220\debug_module\FPGA_debugModule\debug_module_spyglass_signoff_fpga\src\DebugModule_top.sv":71)
WARN  (EX2565) : Input 'hart_ra[26]' on this instance is undriven. Assigning to 0, simulation mismatch possible. Please assign the input or remove the declaration("D:\MetaWise\Documents\020220\debug_module\FPGA_debugModule\debug_module_spyglass_signoff_fpga\src\DebugModule_top.sv":71)
WARN  (EX2565) : Input 'hart_ra[25]' on this instance is undriven. Assigning to 0, simulation mismatch possible. Please assign the input or remove the declaration("D:\MetaWise\Documents\020220\debug_module\FPGA_debugModule\debug_module_spyglass_signoff_fpga\src\DebugModule_top.sv":71)
WARN  (EX2565) : Input 'hart_ra[24]' on this instance is undriven. Assigning to 0, simulation mismatch possible. Please assign the input or remove the declaration("D:\MetaWise\Documents\020220\debug_module\FPGA_debugModule\debug_module_spyglass_signoff_fpga\src\DebugModule_top.sv":71)
WARN  (EX2565) : Input 'hart_ra[23]' on this instance is undriven. Assigning to 0, simulation mismatch possible. Please assign the input or remove the declaration("D:\MetaWise\Documents\020220\debug_module\FPGA_debugModule\debug_module_spyglass_signoff_fpga\src\DebugModule_top.sv":71)
WARN  (EX2565) : Input 'hart_ra[22]' on this instance is undriven. Assigning to 0, simulation mismatch possible. Please assign the input or remove the declaration("D:\MetaWise\Documents\020220\debug_module\FPGA_debugModule\debug_module_spyglass_signoff_fpga\src\DebugModule_top.sv":71)
WARN  (EX2565) : Input 'hart_ra[21]' on this instance is undriven. Assigning to 0, simulation mismatch possible. Please assign the input or remove the declaration("D:\MetaWise\Documents\020220\debug_module\FPGA_debugModule\debug_module_spyglass_signoff_fpga\src\DebugModule_top.sv":71)
WARN  (EX2565) : Input 'hart_ra[20]' on this instance is undriven. Assigning to 0, simulation mismatch possible. Please assign the input or remove the declaration("D:\MetaWise\Documents\020220\debug_module\FPGA_debugModule\debug_module_spyglass_signoff_fpga\src\DebugModule_top.sv":71)
WARN  (EX2565) : Input 'hart_ra[19]' on this instance is undriven. Assigning to 0, simulation mismatch possible. Please assign the input or remove the declaration("D:\MetaWise\Documents\020220\debug_module\FPGA_debugModule\debug_module_spyglass_signoff_fpga\src\DebugModule_top.sv":71)
WARN  (EX2565) : Input 'hart_ra[18]' on this instance is undriven. Assigning to 0, simulation mismatch possible. Please assign the input or remove the declaration("D:\MetaWise\Documents\020220\debug_module\FPGA_debugModule\debug_module_spyglass_signoff_fpga\src\DebugModule_top.sv":71)
WARN  (EX2565) : Input 'hart_ra[17]' on this instance is undriven. Assigning to 0, simulation mismatch possible. Please assign the input or remove the declaration("D:\MetaWise\Documents\020220\debug_module\FPGA_debugModule\debug_module_spyglass_signoff_fpga\src\DebugModule_top.sv":71)
WARN  (EX2565) : Input 'hart_ra[16]' on this instance is undriven. Assigning to 0, simulation mismatch possible. Please assign the input or remove the declaration("D:\MetaWise\Documents\020220\debug_module\FPGA_debugModule\debug_module_spyglass_signoff_fpga\src\DebugModule_top.sv":71)
WARN  (EX2565) : Input 'hart_ra[15]' on this instance is undriven. Assigning to 0, simulation mismatch possible. Please assign the input or remove the declaration("D:\MetaWise\Documents\020220\debug_module\FPGA_debugModule\debug_module_spyglass_signoff_fpga\src\DebugModule_top.sv":71)
WARN  (EX2565) : Input 'hart_ra[14]' on this instance is undriven. Assigning to 0, simulation mismatch possible. Please assign the input or remove the declaration("D:\MetaWise\Documents\020220\debug_module\FPGA_debugModule\debug_module_spyglass_signoff_fpga\src\DebugModule_top.sv":71)
WARN  (EX2565) : Input 'hart_ra[13]' on this instance is undriven. Assigning to 0, simulation mismatch possible. Please assign the input or remove the declaration("D:\MetaWise\Documents\020220\debug_module\FPGA_debugModule\debug_module_spyglass_signoff_fpga\src\DebugModule_top.sv":71)
WARN  (EX2565) : Input 'hart_ra[12]' on this instance is undriven. Assigning to 0, simulation mismatch possible. Please assign the input or remove the declaration("D:\MetaWise\Documents\020220\debug_module\FPGA_debugModule\debug_module_spyglass_signoff_fpga\src\DebugModule_top.sv":71)
WARN  (EX2565) : Input 'hart_ra[11]' on this instance is undriven. Assigning to 0, simulation mismatch possible. Please assign the input or remove the declaration("D:\MetaWise\Documents\020220\debug_module\FPGA_debugModule\debug_module_spyglass_signoff_fpga\src\DebugModule_top.sv":71)
WARN  (EX2565) : Input 'hart_ra[10]' on this instance is undriven. Assigning to 0, simulation mismatch possible. Please assign the input or remove the declaration("D:\MetaWise\Documents\020220\debug_module\FPGA_debugModule\debug_module_spyglass_signoff_fpga\src\DebugModule_top.sv":71)
WARN  (EX2565) : Input 'hart_ra[9]' on this instance is undriven. Assigning to 0, simulation mismatch possible. Please assign the input or remove the declaration("D:\MetaWise\Documents\020220\debug_module\FPGA_debugModule\debug_module_spyglass_signoff_fpga\src\DebugModule_top.sv":71)
WARN  (EX2565) : Input 'hart_ra[8]' on this instance is undriven. Assigning to 0, simulation mismatch possible. Please assign the input or remove the declaration("D:\MetaWise\Documents\020220\debug_module\FPGA_debugModule\debug_module_spyglass_signoff_fpga\src\DebugModule_top.sv":71)
WARN  (EX2565) : Input 'hart_ra[7]' on this instance is undriven. Assigning to 0, simulation mismatch possible. Please assign the input or remove the declaration("D:\MetaWise\Documents\020220\debug_module\FPGA_debugModule\debug_module_spyglass_signoff_fpga\src\DebugModule_top.sv":71)
WARN  (EX2565) : Input 'hart_ra[6]' on this instance is undriven. Assigning to 0, simulation mismatch possible. Please assign the input or remove the declaration("D:\MetaWise\Documents\020220\debug_module\FPGA_debugModule\debug_module_spyglass_signoff_fpga\src\DebugModule_top.sv":71)
WARN  (EX2565) : Input 'hart_ra[5]' on this instance is undriven. Assigning to 0, simulation mismatch possible. Please assign the input or remove the declaration("D:\MetaWise\Documents\020220\debug_module\FPGA_debugModule\debug_module_spyglass_signoff_fpga\src\DebugModule_top.sv":71)
WARN  (EX2565) : Input 'hart_ra[4]' on this instance is undriven. Assigning to 0, simulation mismatch possible. Please assign the input or remove the declaration("D:\MetaWise\Documents\020220\debug_module\FPGA_debugModule\debug_module_spyglass_signoff_fpga\src\DebugModule_top.sv":71)
WARN  (EX2565) : Input 'hart_ra[3]' on this instance is undriven. Assigning to 0, simulation mismatch possible. Please assign the input or remove the declaration("D:\MetaWise\Documents\020220\debug_module\FPGA_debugModule\debug_module_spyglass_signoff_fpga\src\DebugModule_top.sv":71)
WARN  (EX2565) : Input 'hart_ra[2]' on this instance is undriven. Assigning to 0, simulation mismatch possible. Please assign the input or remove the declaration("D:\MetaWise\Documents\020220\debug_module\FPGA_debugModule\debug_module_spyglass_signoff_fpga\src\DebugModule_top.sv":71)
WARN  (EX2565) : Input 'hart_ra[1]' on this instance is undriven. Assigning to 0, simulation mismatch possible. Please assign the input or remove the declaration("D:\MetaWise\Documents\020220\debug_module\FPGA_debugModule\debug_module_spyglass_signoff_fpga\src\DebugModule_top.sv":71)
WARN  (EX2565) : Input 'hart_ra[0]' on this instance is undriven. Assigning to 0, simulation mismatch possible. Please assign the input or remove the declaration("D:\MetaWise\Documents\020220\debug_module\FPGA_debugModule\debug_module_spyglass_signoff_fpga\src\DebugModule_top.sv":71)
WARN  (EX2565) : Input 'hart_sp[31]' on this instance is undriven. Assigning to 0, simulation mismatch possible. Please assign the input or remove the declaration("D:\MetaWise\Documents\020220\debug_module\FPGA_debugModule\debug_module_spyglass_signoff_fpga\src\DebugModule_top.sv":71)
WARN  (EX2565) : Input 'hart_sp[30]' on this instance is undriven. Assigning to 0, simulation mismatch possible. Please assign the input or remove the declaration("D:\MetaWise\Documents\020220\debug_module\FPGA_debugModule\debug_module_spyglass_signoff_fpga\src\DebugModule_top.sv":71)
WARN  (EX2565) : Input 'hart_sp[29]' on this instance is undriven. Assigning to 0, simulation mismatch possible. Please assign the input or remove the declaration("D:\MetaWise\Documents\020220\debug_module\FPGA_debugModule\debug_module_spyglass_signoff_fpga\src\DebugModule_top.sv":71)
WARN  (EX2565) : Input 'hart_sp[28]' on this instance is undriven. Assigning to 0, simulation mismatch possible. Please assign the input or remove the declaration("D:\MetaWise\Documents\020220\debug_module\FPGA_debugModule\debug_module_spyglass_signoff_fpga\src\DebugModule_top.sv":71)
WARN  (EX2565) : Input 'hart_sp[27]' on this instance is undriven. Assigning to 0, simulation mismatch possible. Please assign the input or remove the declaration("D:\MetaWise\Documents\020220\debug_module\FPGA_debugModule\debug_module_spyglass_signoff_fpga\src\DebugModule_top.sv":71)
WARN  (EX2565) : Input 'hart_sp[26]' on this instance is undriven. Assigning to 0, simulation mismatch possible. Please assign the input or remove the declaration("D:\MetaWise\Documents\020220\debug_module\FPGA_debugModule\debug_module_spyglass_signoff_fpga\src\DebugModule_top.sv":71)
WARN  (EX2565) : Input 'hart_sp[25]' on this instance is undriven. Assigning to 0, simulation mismatch possible. Please assign the input or remove the declaration("D:\MetaWise\Documents\020220\debug_module\FPGA_debugModule\debug_module_spyglass_signoff_fpga\src\DebugModule_top.sv":71)
WARN  (EX2565) : Input 'hart_sp[24]' on this instance is undriven. Assigning to 0, simulation mismatch possible. Please assign the input or remove the declaration("D:\MetaWise\Documents\020220\debug_module\FPGA_debugModule\debug_module_spyglass_signoff_fpga\src\DebugModule_top.sv":71)
WARN  (EX2565) : Input 'hart_sp[23]' on this instance is undriven. Assigning to 0, simulation mismatch possible. Please assign the input or remove the declaration("D:\MetaWise\Documents\020220\debug_module\FPGA_debugModule\debug_module_spyglass_signoff_fpga\src\DebugModule_top.sv":71)
WARN  (EX2565) : Input 'hart_sp[22]' on this instance is undriven. Assigning to 0, simulation mismatch possible. Please assign the input or remove the declaration("D:\MetaWise\Documents\020220\debug_module\FPGA_debugModule\debug_module_spyglass_signoff_fpga\src\DebugModule_top.sv":71)
WARN  (EX2565) : Input 'hart_sp[21]' on this instance is undriven. Assigning to 0, simulation mismatch possible. Please assign the input or remove the declaration("D:\MetaWise\Documents\020220\debug_module\FPGA_debugModule\debug_module_spyglass_signoff_fpga\src\DebugModule_top.sv":71)
WARN  (EX2565) : Input 'hart_sp[20]' on this instance is undriven. Assigning to 0, simulation mismatch possible. Please assign the input or remove the declaration("D:\MetaWise\Documents\020220\debug_module\FPGA_debugModule\debug_module_spyglass_signoff_fpga\src\DebugModule_top.sv":71)
WARN  (EX2565) : Input 'hart_sp[19]' on this instance is undriven. Assigning to 0, simulation mismatch possible. Please assign the input or remove the declaration("D:\MetaWise\Documents\020220\debug_module\FPGA_debugModule\debug_module_spyglass_signoff_fpga\src\DebugModule_top.sv":71)
WARN  (EX2565) : Input 'hart_sp[18]' on this instance is undriven. Assigning to 0, simulation mismatch possible. Please assign the input or remove the declaration("D:\MetaWise\Documents\020220\debug_module\FPGA_debugModule\debug_module_spyglass_signoff_fpga\src\DebugModule_top.sv":71)
WARN  (EX2565) : Input 'hart_sp[17]' on this instance is undriven. Assigning to 0, simulation mismatch possible. Please assign the input or remove the declaration("D:\MetaWise\Documents\020220\debug_module\FPGA_debugModule\debug_module_spyglass_signoff_fpga\src\DebugModule_top.sv":71)
WARN  (EX2565) : Input 'hart_sp[16]' on this instance is undriven. Assigning to 0, simulation mismatch possible. Please assign the input or remove the declaration("D:\MetaWise\Documents\020220\debug_module\FPGA_debugModule\debug_module_spyglass_signoff_fpga\src\DebugModule_top.sv":71)
WARN  (EX2565) : Input 'hart_sp[15]' on this instance is undriven. Assigning to 0, simulation mismatch possible. Please assign the input or remove the declaration("D:\MetaWise\Documents\020220\debug_module\FPGA_debugModule\debug_module_spyglass_signoff_fpga\src\DebugModule_top.sv":71)
WARN  (EX2565) : Input 'hart_sp[14]' on this instance is undriven. Assigning to 0, simulation mismatch possible. Please assign the input or remove the declaration("D:\MetaWise\Documents\020220\debug_module\FPGA_debugModule\debug_module_spyglass_signoff_fpga\src\DebugModule_top.sv":71)
WARN  (EX2565) : Input 'hart_sp[13]' on this instance is undriven. Assigning to 0, simulation mismatch possible. Please assign the input or remove the declaration("D:\MetaWise\Documents\020220\debug_module\FPGA_debugModule\debug_module_spyglass_signoff_fpga\src\DebugModule_top.sv":71)
WARN  (EX2565) : Input 'hart_sp[12]' on this instance is undriven. Assigning to 0, simulation mismatch possible. Please assign the input or remove the declaration("D:\MetaWise\Documents\020220\debug_module\FPGA_debugModule\debug_module_spyglass_signoff_fpga\src\DebugModule_top.sv":71)
WARN  (EX2565) : Input 'hart_sp[11]' on this instance is undriven. Assigning to 0, simulation mismatch possible. Please assign the input or remove the declaration("D:\MetaWise\Documents\020220\debug_module\FPGA_debugModule\debug_module_spyglass_signoff_fpga\src\DebugModule_top.sv":71)
WARN  (EX2565) : Input 'hart_sp[10]' on this instance is undriven. Assigning to 0, simulation mismatch possible. Please assign the input or remove the declaration("D:\MetaWise\Documents\020220\debug_module\FPGA_debugModule\debug_module_spyglass_signoff_fpga\src\DebugModule_top.sv":71)
WARN  (EX2565) : Input 'hart_sp[9]' on this instance is undriven. Assigning to 0, simulation mismatch possible. Please assign the input or remove the declaration("D:\MetaWise\Documents\020220\debug_module\FPGA_debugModule\debug_module_spyglass_signoff_fpga\src\DebugModule_top.sv":71)
WARN  (EX2565) : Input 'hart_sp[8]' on this instance is undriven. Assigning to 0, simulation mismatch possible. Please assign the input or remove the declaration("D:\MetaWise\Documents\020220\debug_module\FPGA_debugModule\debug_module_spyglass_signoff_fpga\src\DebugModule_top.sv":71)
WARN  (EX2565) : Input 'hart_sp[7]' on this instance is undriven. Assigning to 0, simulation mismatch possible. Please assign the input or remove the declaration("D:\MetaWise\Documents\020220\debug_module\FPGA_debugModule\debug_module_spyglass_signoff_fpga\src\DebugModule_top.sv":71)
WARN  (EX2565) : Input 'hart_sp[6]' on this instance is undriven. Assigning to 0, simulation mismatch possible. Please assign the input or remove the declaration("D:\MetaWise\Documents\020220\debug_module\FPGA_debugModule\debug_module_spyglass_signoff_fpga\src\DebugModule_top.sv":71)
WARN  (EX2565) : Input 'hart_sp[5]' on this instance is undriven. Assigning to 0, simulation mismatch possible. Please assign the input or remove the declaration("D:\MetaWise\Documents\020220\debug_module\FPGA_debugModule\debug_module_spyglass_signoff_fpga\src\DebugModule_top.sv":71)
WARN  (EX2565) : Input 'hart_sp[4]' on this instance is undriven. Assigning to 0, simulation mismatch possible. Please assign the input or remove the declaration("D:\MetaWise\Documents\020220\debug_module\FPGA_debugModule\debug_module_spyglass_signoff_fpga\src\DebugModule_top.sv":71)
WARN  (EX2565) : Input 'hart_sp[3]' on this instance is undriven. Assigning to 0, simulation mismatch possible. Please assign the input or remove the declaration("D:\MetaWise\Documents\020220\debug_module\FPGA_debugModule\debug_module_spyglass_signoff_fpga\src\DebugModule_top.sv":71)
WARN  (EX2565) : Input 'hart_sp[2]' on this instance is undriven. Assigning to 0, simulation mismatch possible. Please assign the input or remove the declaration("D:\MetaWise\Documents\020220\debug_module\FPGA_debugModule\debug_module_spyglass_signoff_fpga\src\DebugModule_top.sv":71)
WARN  (EX2565) : Input 'hart_sp[1]' on this instance is undriven. Assigning to 0, simulation mismatch possible. Please assign the input or remove the declaration("D:\MetaWise\Documents\020220\debug_module\FPGA_debugModule\debug_module_spyglass_signoff_fpga\src\DebugModule_top.sv":71)
WARN  (EX2565) : Input 'hart_sp[0]' on this instance is undriven. Assigning to 0, simulation mismatch possible. Please assign the input or remove the declaration("D:\MetaWise\Documents\020220\debug_module\FPGA_debugModule\debug_module_spyglass_signoff_fpga\src\DebugModule_top.sv":71)
WARN  (EX2565) : Input 'hart_a0[31]' on this instance is undriven. Assigning to 0, simulation mismatch possible. Please assign the input or remove the declaration("D:\MetaWise\Documents\020220\debug_module\FPGA_debugModule\debug_module_spyglass_signoff_fpga\src\DebugModule_top.sv":71)
WARN  (EX2565) : Input 'hart_a0[30]' on this instance is undriven. Assigning to 0, simulation mismatch possible. Please assign the input or remove the declaration("D:\MetaWise\Documents\020220\debug_module\FPGA_debugModule\debug_module_spyglass_signoff_fpga\src\DebugModule_top.sv":71)
WARN  (EX2565) : Input 'hart_a0[29]' on this instance is undriven. Assigning to 0, simulation mismatch possible. Please assign the input or remove the declaration("D:\MetaWise\Documents\020220\debug_module\FPGA_debugModule\debug_module_spyglass_signoff_fpga\src\DebugModule_top.sv":71)
WARN  (EX2565) : Input 'hart_a0[28]' on this instance is undriven. Assigning to 0, simulation mismatch possible. Please assign the input or remove the declaration("D:\MetaWise\Documents\020220\debug_module\FPGA_debugModule\debug_module_spyglass_signoff_fpga\src\DebugModule_top.sv":71)
WARN  (EX2565) : Input 'hart_a0[27]' on this instance is undriven. Assigning to 0, simulation mismatch possible. Please assign the input or remove the declaration("D:\MetaWise\Documents\020220\debug_module\FPGA_debugModule\debug_module_spyglass_signoff_fpga\src\DebugModule_top.sv":71)
WARN  (EX2565) : Input 'hart_a0[26]' on this instance is undriven. Assigning to 0, simulation mismatch possible. Please assign the input or remove the declaration("D:\MetaWise\Documents\020220\debug_module\FPGA_debugModule\debug_module_spyglass_signoff_fpga\src\DebugModule_top.sv":71)
WARN  (EX2565) : Input 'hart_a0[25]' on this instance is undriven. Assigning to 0, simulation mismatch possible. Please assign the input or remove the declaration("D:\MetaWise\Documents\020220\debug_module\FPGA_debugModule\debug_module_spyglass_signoff_fpga\src\DebugModule_top.sv":71)
WARN  (EX2565) : Input 'hart_a0[24]' on this instance is undriven. Assigning to 0, simulation mismatch possible. Please assign the input or remove the declaration("D:\MetaWise\Documents\020220\debug_module\FPGA_debugModule\debug_module_spyglass_signoff_fpga\src\DebugModule_top.sv":71)
WARN  (EX2565) : Input 'hart_a0[23]' on this instance is undriven. Assigning to 0, simulation mismatch possible. Please assign the input or remove the declaration("D:\MetaWise\Documents\020220\debug_module\FPGA_debugModule\debug_module_spyglass_signoff_fpga\src\DebugModule_top.sv":71)
WARN  (EX2565) : Input 'hart_a0[22]' on this instance is undriven. Assigning to 0, simulation mismatch possible. Please assign the input or remove the declaration("D:\MetaWise\Documents\020220\debug_module\FPGA_debugModule\debug_module_spyglass_signoff_fpga\src\DebugModule_top.sv":71)
WARN  (EX2565) : Input 'hart_a0[21]' on this instance is undriven. Assigning to 0, simulation mismatch possible. Please assign the input or remove the declaration("D:\MetaWise\Documents\020220\debug_module\FPGA_debugModule\debug_module_spyglass_signoff_fpga\src\DebugModule_top.sv":71)
WARN  (EX2565) : Input 'hart_a0[20]' on this instance is undriven. Assigning to 0, simulation mismatch possible. Please assign the input or remove the declaration("D:\MetaWise\Documents\020220\debug_module\FPGA_debugModule\debug_module_spyglass_signoff_fpga\src\DebugModule_top.sv":71)
WARN  (EX2565) : Input 'hart_a0[19]' on this instance is undriven. Assigning to 0, simulation mismatch possible. Please assign the input or remove the declaration("D:\MetaWise\Documents\020220\debug_module\FPGA_debugModule\debug_module_spyglass_signoff_fpga\src\DebugModule_top.sv":71)
WARN  (EX2565) : Input 'hart_a0[18]' on this instance is undriven. Assigning to 0, simulation mismatch possible. Please assign the input or remove the declaration("D:\MetaWise\Documents\020220\debug_module\FPGA_debugModule\debug_module_spyglass_signoff_fpga\src\DebugModule_top.sv":71)
WARN  (EX2565) : Input 'hart_a0[17]' on this instance is undriven. Assigning to 0, simulation mismatch possible. Please assign the input or remove the declaration("D:\MetaWise\Documents\020220\debug_module\FPGA_debugModule\debug_module_spyglass_signoff_fpga\src\DebugModule_top.sv":71)
WARN  (EX2565) : Input 'hart_a0[16]' on this instance is undriven. Assigning to 0, simulation mismatch possible. Please assign the input or remove the declaration("D:\MetaWise\Documents\020220\debug_module\FPGA_debugModule\debug_module_spyglass_signoff_fpga\src\DebugModule_top.sv":71)
WARN  (EX2565) : Input 'hart_a0[15]' on this instance is undriven. Assigning to 0, simulation mismatch possible. Please assign the input or remove the declaration("D:\MetaWise\Documents\020220\debug_module\FPGA_debugModule\debug_module_spyglass_signoff_fpga\src\DebugModule_top.sv":71)
WARN  (EX2565) : Input 'hart_a0[14]' on this instance is undriven. Assigning to 0, simulation mismatch possible. Please assign the input or remove the declaration("D:\MetaWise\Documents\020220\debug_module\FPGA_debugModule\debug_module_spyglass_signoff_fpga\src\DebugModule_top.sv":71)
WARN  (EX2565) : Input 'hart_a0[13]' on this instance is undriven. Assigning to 0, simulation mismatch possible. Please assign the input or remove the declaration("D:\MetaWise\Documents\020220\debug_module\FPGA_debugModule\debug_module_spyglass_signoff_fpga\src\DebugModule_top.sv":71)
WARN  (EX2565) : Input 'hart_a0[12]' on this instance is undriven. Assigning to 0, simulation mismatch possible. Please assign the input or remove the declaration("D:\MetaWise\Documents\020220\debug_module\FPGA_debugModule\debug_module_spyglass_signoff_fpga\src\DebugModule_top.sv":71)
WARN  (EX2565) : Input 'hart_a0[11]' on this instance is undriven. Assigning to 0, simulation mismatch possible. Please assign the input or remove the declaration("D:\MetaWise\Documents\020220\debug_module\FPGA_debugModule\debug_module_spyglass_signoff_fpga\src\DebugModule_top.sv":71)
WARN  (EX2565) : Input 'hart_a0[10]' on this instance is undriven. Assigning to 0, simulation mismatch possible. Please assign the input or remove the declaration("D:\MetaWise\Documents\020220\debug_module\FPGA_debugModule\debug_module_spyglass_signoff_fpga\src\DebugModule_top.sv":71)
WARN  (EX2565) : Input 'hart_a0[9]' on this instance is undriven. Assigning to 0, simulation mismatch possible. Please assign the input or remove the declaration("D:\MetaWise\Documents\020220\debug_module\FPGA_debugModule\debug_module_spyglass_signoff_fpga\src\DebugModule_top.sv":71)
WARN  (EX2565) : Input 'hart_a0[8]' on this instance is undriven. Assigning to 0, simulation mismatch possible. Please assign the input or remove the declaration("D:\MetaWise\Documents\020220\debug_module\FPGA_debugModule\debug_module_spyglass_signoff_fpga\src\DebugModule_top.sv":71)
WARN  (EX2565) : Input 'hart_a0[7]' on this instance is undriven. Assigning to 0, simulation mismatch possible. Please assign the input or remove the declaration("D:\MetaWise\Documents\020220\debug_module\FPGA_debugModule\debug_module_spyglass_signoff_fpga\src\DebugModule_top.sv":71)
WARN  (EX2565) : Input 'hart_a0[6]' on this instance is undriven. Assigning to 0, simulation mismatch possible. Please assign the input or remove the declaration("D:\MetaWise\Documents\020220\debug_module\FPGA_debugModule\debug_module_spyglass_signoff_fpga\src\DebugModule_top.sv":71)
WARN  (EX2565) : Input 'hart_a0[5]' on this instance is undriven. Assigning to 0, simulation mismatch possible. Please assign the input or remove the declaration("D:\MetaWise\Documents\020220\debug_module\FPGA_debugModule\debug_module_spyglass_signoff_fpga\src\DebugModule_top.sv":71)
WARN  (EX2565) : Input 'hart_a0[4]' on this instance is undriven. Assigning to 0, simulation mismatch possible. Please assign the input or remove the declaration("D:\MetaWise\Documents\020220\debug_module\FPGA_debugModule\debug_module_spyglass_signoff_fpga\src\DebugModule_top.sv":71)
WARN  (EX2565) : Input 'hart_a0[3]' on this instance is undriven. Assigning to 0, simulation mismatch possible. Please assign the input or remove the declaration("D:\MetaWise\Documents\020220\debug_module\FPGA_debugModule\debug_module_spyglass_signoff_fpga\src\DebugModule_top.sv":71)
WARN  (EX2565) : Input 'hart_a0[2]' on this instance is undriven. Assigning to 0, simulation mismatch possible. Please assign the input or remove the declaration("D:\MetaWise\Documents\020220\debug_module\FPGA_debugModule\debug_module_spyglass_signoff_fpga\src\DebugModule_top.sv":71)
WARN  (EX2565) : Input 'hart_a0[1]' on this instance is undriven. Assigning to 0, simulation mismatch possible. Please assign the input or remove the declaration("D:\MetaWise\Documents\020220\debug_module\FPGA_debugModule\debug_module_spyglass_signoff_fpga\src\DebugModule_top.sv":71)
WARN  (EX2565) : Input 'hart_a0[0]' on this instance is undriven. Assigning to 0, simulation mismatch possible. Please assign the input or remove the declaration("D:\MetaWise\Documents\020220\debug_module\FPGA_debugModule\debug_module_spyglass_signoff_fpga\src\DebugModule_top.sv":71)
WARN  (EX2565) : Input 'hart_t0[31]' on this instance is undriven. Assigning to 0, simulation mismatch possible. Please assign the input or remove the declaration("D:\MetaWise\Documents\020220\debug_module\FPGA_debugModule\debug_module_spyglass_signoff_fpga\src\DebugModule_top.sv":71)
WARN  (EX2565) : Input 'hart_t0[30]' on this instance is undriven. Assigning to 0, simulation mismatch possible. Please assign the input or remove the declaration("D:\MetaWise\Documents\020220\debug_module\FPGA_debugModule\debug_module_spyglass_signoff_fpga\src\DebugModule_top.sv":71)
WARN  (EX2565) : Input 'hart_t0[29]' on this instance is undriven. Assigning to 0, simulation mismatch possible. Please assign the input or remove the declaration("D:\MetaWise\Documents\020220\debug_module\FPGA_debugModule\debug_module_spyglass_signoff_fpga\src\DebugModule_top.sv":71)
WARN  (EX2565) : Input 'hart_t0[28]' on this instance is undriven. Assigning to 0, simulation mismatch possible. Please assign the input or remove the declaration("D:\MetaWise\Documents\020220\debug_module\FPGA_debugModule\debug_module_spyglass_signoff_fpga\src\DebugModule_top.sv":71)
WARN  (EX2565) : Input 'hart_t0[27]' on this instance is undriven. Assigning to 0, simulation mismatch possible. Please assign the input or remove the declaration("D:\MetaWise\Documents\020220\debug_module\FPGA_debugModule\debug_module_spyglass_signoff_fpga\src\DebugModule_top.sv":71)
WARN  (EX2565) : Input 'hart_t0[26]' on this instance is undriven. Assigning to 0, simulation mismatch possible. Please assign the input or remove the declaration("D:\MetaWise\Documents\020220\debug_module\FPGA_debugModule\debug_module_spyglass_signoff_fpga\src\DebugModule_top.sv":71)
WARN  (EX2565) : Input 'hart_t0[25]' on this instance is undriven. Assigning to 0, simulation mismatch possible. Please assign the input or remove the declaration("D:\MetaWise\Documents\020220\debug_module\FPGA_debugModule\debug_module_spyglass_signoff_fpga\src\DebugModule_top.sv":71)
WARN  (EX2565) : Input 'hart_t0[24]' on this instance is undriven. Assigning to 0, simulation mismatch possible. Please assign the input or remove the declaration("D:\MetaWise\Documents\020220\debug_module\FPGA_debugModule\debug_module_spyglass_signoff_fpga\src\DebugModule_top.sv":71)
WARN  (EX2565) : Input 'hart_t0[23]' on this instance is undriven. Assigning to 0, simulation mismatch possible. Please assign the input or remove the declaration("D:\MetaWise\Documents\020220\debug_module\FPGA_debugModule\debug_module_spyglass_signoff_fpga\src\DebugModule_top.sv":71)
WARN  (EX2565) : Input 'hart_t0[22]' on this instance is undriven. Assigning to 0, simulation mismatch possible. Please assign the input or remove the declaration("D:\MetaWise\Documents\020220\debug_module\FPGA_debugModule\debug_module_spyglass_signoff_fpga\src\DebugModule_top.sv":71)
WARN  (EX2565) : Input 'hart_t0[21]' on this instance is undriven. Assigning to 0, simulation mismatch possible. Please assign the input or remove the declaration("D:\MetaWise\Documents\020220\debug_module\FPGA_debugModule\debug_module_spyglass_signoff_fpga\src\DebugModule_top.sv":71)
WARN  (EX2565) : Input 'hart_t0[20]' on this instance is undriven. Assigning to 0, simulation mismatch possible. Please assign the input or remove the declaration("D:\MetaWise\Documents\020220\debug_module\FPGA_debugModule\debug_module_spyglass_signoff_fpga\src\DebugModule_top.sv":71)
WARN  (EX2565) : Input 'hart_t0[19]' on this instance is undriven. Assigning to 0, simulation mismatch possible. Please assign the input or remove the declaration("D:\MetaWise\Documents\020220\debug_module\FPGA_debugModule\debug_module_spyglass_signoff_fpga\src\DebugModule_top.sv":71)
WARN  (EX2565) : Input 'hart_t0[18]' on this instance is undriven. Assigning to 0, simulation mismatch possible. Please assign the input or remove the declaration("D:\MetaWise\Documents\020220\debug_module\FPGA_debugModule\debug_module_spyglass_signoff_fpga\src\DebugModule_top.sv":71)
WARN  (EX2565) : Input 'hart_t0[17]' on this instance is undriven. Assigning to 0, simulation mismatch possible. Please assign the input or remove the declaration("D:\MetaWise\Documents\020220\debug_module\FPGA_debugModule\debug_module_spyglass_signoff_fpga\src\DebugModule_top.sv":71)
WARN  (EX2565) : Input 'hart_t0[16]' on this instance is undriven. Assigning to 0, simulation mismatch possible. Please assign the input or remove the declaration("D:\MetaWise\Documents\020220\debug_module\FPGA_debugModule\debug_module_spyglass_signoff_fpga\src\DebugModule_top.sv":71)
WARN  (EX2565) : Input 'hart_t0[15]' on this instance is undriven. Assigning to 0, simulation mismatch possible. Please assign the input or remove the declaration("D:\MetaWise\Documents\020220\debug_module\FPGA_debugModule\debug_module_spyglass_signoff_fpga\src\DebugModule_top.sv":71)
WARN  (EX2565) : Input 'hart_t0[14]' on this instance is undriven. Assigning to 0, simulation mismatch possible. Please assign the input or remove the declaration("D:\MetaWise\Documents\020220\debug_module\FPGA_debugModule\debug_module_spyglass_signoff_fpga\src\DebugModule_top.sv":71)
WARN  (EX2565) : Input 'hart_t0[13]' on this instance is undriven. Assigning to 0, simulation mismatch possible. Please assign the input or remove the declaration("D:\MetaWise\Documents\020220\debug_module\FPGA_debugModule\debug_module_spyglass_signoff_fpga\src\DebugModule_top.sv":71)
WARN  (EX2565) : Input 'hart_t0[12]' on this instance is undriven. Assigning to 0, simulation mismatch possible. Please assign the input or remove the declaration("D:\MetaWise\Documents\020220\debug_module\FPGA_debugModule\debug_module_spyglass_signoff_fpga\src\DebugModule_top.sv":71)
WARN  (EX2565) : Input 'hart_t0[11]' on this instance is undriven. Assigning to 0, simulation mismatch possible. Please assign the input or remove the declaration("D:\MetaWise\Documents\020220\debug_module\FPGA_debugModule\debug_module_spyglass_signoff_fpga\src\DebugModule_top.sv":71)
WARN  (EX2565) : Input 'hart_t0[10]' on this instance is undriven. Assigning to 0, simulation mismatch possible. Please assign the input or remove the declaration("D:\MetaWise\Documents\020220\debug_module\FPGA_debugModule\debug_module_spyglass_signoff_fpga\src\DebugModule_top.sv":71)
WARN  (EX2565) : Input 'hart_t0[9]' on this instance is undriven. Assigning to 0, simulation mismatch possible. Please assign the input or remove the declaration("D:\MetaWise\Documents\020220\debug_module\FPGA_debugModule\debug_module_spyglass_signoff_fpga\src\DebugModule_top.sv":71)
WARN  (EX2565) : Input 'hart_t0[8]' on this instance is undriven. Assigning to 0, simulation mismatch possible. Please assign the input or remove the declaration("D:\MetaWise\Documents\020220\debug_module\FPGA_debugModule\debug_module_spyglass_signoff_fpga\src\DebugModule_top.sv":71)
WARN  (EX2565) : Input 'hart_t0[7]' on this instance is undriven. Assigning to 0, simulation mismatch possible. Please assign the input or remove the declaration("D:\MetaWise\Documents\020220\debug_module\FPGA_debugModule\debug_module_spyglass_signoff_fpga\src\DebugModule_top.sv":71)
WARN  (EX2565) : Input 'hart_t0[6]' on this instance is undriven. Assigning to 0, simulation mismatch possible. Please assign the input or remove the declaration("D:\MetaWise\Documents\020220\debug_module\FPGA_debugModule\debug_module_spyglass_signoff_fpga\src\DebugModule_top.sv":71)
WARN  (EX2565) : Input 'hart_t0[5]' on this instance is undriven. Assigning to 0, simulation mismatch possible. Please assign the input or remove the declaration("D:\MetaWise\Documents\020220\debug_module\FPGA_debugModule\debug_module_spyglass_signoff_fpga\src\DebugModule_top.sv":71)
WARN  (EX2565) : Input 'hart_t0[4]' on this instance is undriven. Assigning to 0, simulation mismatch possible. Please assign the input or remove the declaration("D:\MetaWise\Documents\020220\debug_module\FPGA_debugModule\debug_module_spyglass_signoff_fpga\src\DebugModule_top.sv":71)
WARN  (EX2565) : Input 'hart_t0[3]' on this instance is undriven. Assigning to 0, simulation mismatch possible. Please assign the input or remove the declaration("D:\MetaWise\Documents\020220\debug_module\FPGA_debugModule\debug_module_spyglass_signoff_fpga\src\DebugModule_top.sv":71)
WARN  (EX2565) : Input 'hart_t0[2]' on this instance is undriven. Assigning to 0, simulation mismatch possible. Please assign the input or remove the declaration("D:\MetaWise\Documents\020220\debug_module\FPGA_debugModule\debug_module_spyglass_signoff_fpga\src\DebugModule_top.sv":71)
WARN  (EX2565) : Input 'hart_t0[1]' on this instance is undriven. Assigning to 0, simulation mismatch possible. Please assign the input or remove the declaration("D:\MetaWise\Documents\020220\debug_module\FPGA_debugModule\debug_module_spyglass_signoff_fpga\src\DebugModule_top.sv":71)
WARN  (EX2565) : Input 'hart_t0[0]' on this instance is undriven. Assigning to 0, simulation mismatch possible. Please assign the input or remove the declaration("D:\MetaWise\Documents\020220\debug_module\FPGA_debugModule\debug_module_spyglass_signoff_fpga\src\DebugModule_top.sv":71)
WARN  (EX2565) : Input 'sysbus_m_a_ready' on this instance is undriven. Assigning to 0, simulation mismatch possible. Please assign the input or remove the declaration("D:\MetaWise\Documents\020220\debug_module\FPGA_debugModule\debug_module_spyglass_signoff_fpga\src\DebugModule_top.sv":71)
WARN  (EX2565) : Input 'sysbus_m_d_valid' on this instance is undriven. Assigning to 0, simulation mismatch possible. Please assign the input or remove the declaration("D:\MetaWise\Documents\020220\debug_module\FPGA_debugModule\debug_module_spyglass_signoff_fpga\src\DebugModule_top.sv":71)
WARN  (EX2565) : Input 'sysbus_m_d_data[31]' on this instance is undriven. Assigning to 0, simulation mismatch possible. Please assign the input or remove the declaration("D:\MetaWise\Documents\020220\debug_module\FPGA_debugModule\debug_module_spyglass_signoff_fpga\src\DebugModule_top.sv":71)
WARN  (EX2565) : Input 'sysbus_m_d_data[30]' on this instance is undriven. Assigning to 0, simulation mismatch possible. Please assign the input or remove the declaration("D:\MetaWise\Documents\020220\debug_module\FPGA_debugModule\debug_module_spyglass_signoff_fpga\src\DebugModule_top.sv":71)
WARN  (EX2565) : Input 'sysbus_m_d_data[29]' on this instance is undriven. Assigning to 0, simulation mismatch possible. Please assign the input or remove the declaration("D:\MetaWise\Documents\020220\debug_module\FPGA_debugModule\debug_module_spyglass_signoff_fpga\src\DebugModule_top.sv":71)
WARN  (EX2565) : Input 'sysbus_m_d_data[28]' on this instance is undriven. Assigning to 0, simulation mismatch possible. Please assign the input or remove the declaration("D:\MetaWise\Documents\020220\debug_module\FPGA_debugModule\debug_module_spyglass_signoff_fpga\src\DebugModule_top.sv":71)
WARN  (EX2565) : Input 'sysbus_m_d_data[27]' on this instance is undriven. Assigning to 0, simulation mismatch possible. Please assign the input or remove the declaration("D:\MetaWise\Documents\020220\debug_module\FPGA_debugModule\debug_module_spyglass_signoff_fpga\src\DebugModule_top.sv":71)
WARN  (EX2565) : Input 'sysbus_m_d_data[26]' on this instance is undriven. Assigning to 0, simulation mismatch possible. Please assign the input or remove the declaration("D:\MetaWise\Documents\020220\debug_module\FPGA_debugModule\debug_module_spyglass_signoff_fpga\src\DebugModule_top.sv":71)
WARN  (EX2565) : Input 'sysbus_m_d_data[25]' on this instance is undriven. Assigning to 0, simulation mismatch possible. Please assign the input or remove the declaration("D:\MetaWise\Documents\020220\debug_module\FPGA_debugModule\debug_module_spyglass_signoff_fpga\src\DebugModule_top.sv":71)
WARN  (EX2565) : Input 'sysbus_m_d_data[24]' on this instance is undriven. Assigning to 0, simulation mismatch possible. Please assign the input or remove the declaration("D:\MetaWise\Documents\020220\debug_module\FPGA_debugModule\debug_module_spyglass_signoff_fpga\src\DebugModule_top.sv":71)
WARN  (EX2565) : Input 'sysbus_m_d_data[23]' on this instance is undriven. Assigning to 0, simulation mismatch possible. Please assign the input or remove the declaration("D:\MetaWise\Documents\020220\debug_module\FPGA_debugModule\debug_module_spyglass_signoff_fpga\src\DebugModule_top.sv":71)
WARN  (EX2565) : Input 'sysbus_m_d_data[22]' on this instance is undriven. Assigning to 0, simulation mismatch possible. Please assign the input or remove the declaration("D:\MetaWise\Documents\020220\debug_module\FPGA_debugModule\debug_module_spyglass_signoff_fpga\src\DebugModule_top.sv":71)
WARN  (EX2565) : Input 'sysbus_m_d_data[21]' on this instance is undriven. Assigning to 0, simulation mismatch possible. Please assign the input or remove the declaration("D:\MetaWise\Documents\020220\debug_module\FPGA_debugModule\debug_module_spyglass_signoff_fpga\src\DebugModule_top.sv":71)
WARN  (EX2565) : Input 'sysbus_m_d_data[20]' on this instance is undriven. Assigning to 0, simulation mismatch possible. Please assign the input or remove the declaration("D:\MetaWise\Documents\020220\debug_module\FPGA_debugModule\debug_module_spyglass_signoff_fpga\src\DebugModule_top.sv":71)
WARN  (EX2565) : Input 'sysbus_m_d_data[19]' on this instance is undriven. Assigning to 0, simulation mismatch possible. Please assign the input or remove the declaration("D:\MetaWise\Documents\020220\debug_module\FPGA_debugModule\debug_module_spyglass_signoff_fpga\src\DebugModule_top.sv":71)
WARN  (EX2565) : Input 'sysbus_m_d_data[18]' on this instance is undriven. Assigning to 0, simulation mismatch possible. Please assign the input or remove the declaration("D:\MetaWise\Documents\020220\debug_module\FPGA_debugModule\debug_module_spyglass_signoff_fpga\src\DebugModule_top.sv":71)
WARN  (EX2565) : Input 'sysbus_m_d_data[17]' on this instance is undriven. Assigning to 0, simulation mismatch possible. Please assign the input or remove the declaration("D:\MetaWise\Documents\020220\debug_module\FPGA_debugModule\debug_module_spyglass_signoff_fpga\src\DebugModule_top.sv":71)
WARN  (EX2565) : Input 'sysbus_m_d_data[16]' on this instance is undriven. Assigning to 0, simulation mismatch possible. Please assign the input or remove the declaration("D:\MetaWise\Documents\020220\debug_module\FPGA_debugModule\debug_module_spyglass_signoff_fpga\src\DebugModule_top.sv":71)
WARN  (EX2565) : Input 'sysbus_m_d_data[15]' on this instance is undriven. Assigning to 0, simulation mismatch possible. Please assign the input or remove the declaration("D:\MetaWise\Documents\020220\debug_module\FPGA_debugModule\debug_module_spyglass_signoff_fpga\src\DebugModule_top.sv":71)
WARN  (EX2565) : Input 'sysbus_m_d_data[14]' on this instance is undriven. Assigning to 0, simulation mismatch possible. Please assign the input or remove the declaration("D:\MetaWise\Documents\020220\debug_module\FPGA_debugModule\debug_module_spyglass_signoff_fpga\src\DebugModule_top.sv":71)
WARN  (EX2565) : Input 'sysbus_m_d_data[13]' on this instance is undriven. Assigning to 0, simulation mismatch possible. Please assign the input or remove the declaration("D:\MetaWise\Documents\020220\debug_module\FPGA_debugModule\debug_module_spyglass_signoff_fpga\src\DebugModule_top.sv":71)
WARN  (EX2565) : Input 'sysbus_m_d_data[12]' on this instance is undriven. Assigning to 0, simulation mismatch possible. Please assign the input or remove the declaration("D:\MetaWise\Documents\020220\debug_module\FPGA_debugModule\debug_module_spyglass_signoff_fpga\src\DebugModule_top.sv":71)
WARN  (EX2565) : Input 'sysbus_m_d_data[11]' on this instance is undriven. Assigning to 0, simulation mismatch possible. Please assign the input or remove the declaration("D:\MetaWise\Documents\020220\debug_module\FPGA_debugModule\debug_module_spyglass_signoff_fpga\src\DebugModule_top.sv":71)
WARN  (EX2565) : Input 'sysbus_m_d_data[10]' on this instance is undriven. Assigning to 0, simulation mismatch possible. Please assign the input or remove the declaration("D:\MetaWise\Documents\020220\debug_module\FPGA_debugModule\debug_module_spyglass_signoff_fpga\src\DebugModule_top.sv":71)
WARN  (EX2565) : Input 'sysbus_m_d_data[9]' on this instance is undriven. Assigning to 0, simulation mismatch possible. Please assign the input or remove the declaration("D:\MetaWise\Documents\020220\debug_module\FPGA_debugModule\debug_module_spyglass_signoff_fpga\src\DebugModule_top.sv":71)
WARN  (EX2565) : Input 'sysbus_m_d_data[8]' on this instance is undriven. Assigning to 0, simulation mismatch possible. Please assign the input or remove the declaration("D:\MetaWise\Documents\020220\debug_module\FPGA_debugModule\debug_module_spyglass_signoff_fpga\src\DebugModule_top.sv":71)
WARN  (EX2565) : Input 'sysbus_m_d_data[7]' on this instance is undriven. Assigning to 0, simulation mismatch possible. Please assign the input or remove the declaration("D:\MetaWise\Documents\020220\debug_module\FPGA_debugModule\debug_module_spyglass_signoff_fpga\src\DebugModule_top.sv":71)
WARN  (EX2565) : Input 'sysbus_m_d_data[6]' on this instance is undriven. Assigning to 0, simulation mismatch possible. Please assign the input or remove the declaration("D:\MetaWise\Documents\020220\debug_module\FPGA_debugModule\debug_module_spyglass_signoff_fpga\src\DebugModule_top.sv":71)
WARN  (EX2565) : Input 'sysbus_m_d_data[5]' on this instance is undriven. Assigning to 0, simulation mismatch possible. Please assign the input or remove the declaration("D:\MetaWise\Documents\020220\debug_module\FPGA_debugModule\debug_module_spyglass_signoff_fpga\src\DebugModule_top.sv":71)
WARN  (EX2565) : Input 'sysbus_m_d_data[4]' on this instance is undriven. Assigning to 0, simulation mismatch possible. Please assign the input or remove the declaration("D:\MetaWise\Documents\020220\debug_module\FPGA_debugModule\debug_module_spyglass_signoff_fpga\src\DebugModule_top.sv":71)
WARN  (EX2565) : Input 'sysbus_m_d_data[3]' on this instance is undriven. Assigning to 0, simulation mismatch possible. Please assign the input or remove the declaration("D:\MetaWise\Documents\020220\debug_module\FPGA_debugModule\debug_module_spyglass_signoff_fpga\src\DebugModule_top.sv":71)
WARN  (EX2565) : Input 'sysbus_m_d_data[2]' on this instance is undriven. Assigning to 0, simulation mismatch possible. Please assign the input or remove the declaration("D:\MetaWise\Documents\020220\debug_module\FPGA_debugModule\debug_module_spyglass_signoff_fpga\src\DebugModule_top.sv":71)
WARN  (EX2565) : Input 'sysbus_m_d_data[1]' on this instance is undriven. Assigning to 0, simulation mismatch possible. Please assign the input or remove the declaration("D:\MetaWise\Documents\020220\debug_module\FPGA_debugModule\debug_module_spyglass_signoff_fpga\src\DebugModule_top.sv":71)
WARN  (EX2565) : Input 'sysbus_m_d_data[0]' on this instance is undriven. Assigning to 0, simulation mismatch possible. Please assign the input or remove the declaration("D:\MetaWise\Documents\020220\debug_module\FPGA_debugModule\debug_module_spyglass_signoff_fpga\src\DebugModule_top.sv":71)
WARN  (EX2565) : Input 'sysbus_s_a_valid' on this instance is undriven. Assigning to 0, simulation mismatch possible. Please assign the input or remove the declaration("D:\MetaWise\Documents\020220\debug_module\FPGA_debugModule\debug_module_spyglass_signoff_fpga\src\DebugModule_top.sv":71)
WARN  (EX2565) : Input 'sysbus_s_a_opcode[2]' on this instance is undriven. Assigning to 0, simulation mismatch possible. Please assign the input or remove the declaration("D:\MetaWise\Documents\020220\debug_module\FPGA_debugModule\debug_module_spyglass_signoff_fpga\src\DebugModule_top.sv":71)
WARN  (EX2565) : Input 'sysbus_s_a_opcode[1]' on this instance is undriven. Assigning to 0, simulation mismatch possible. Please assign the input or remove the declaration("D:\MetaWise\Documents\020220\debug_module\FPGA_debugModule\debug_module_spyglass_signoff_fpga\src\DebugModule_top.sv":71)
WARN  (EX2565) : Input 'sysbus_s_a_opcode[0]' on this instance is undriven. Assigning to 0, simulation mismatch possible. Please assign the input or remove the declaration("D:\MetaWise\Documents\020220\debug_module\FPGA_debugModule\debug_module_spyglass_signoff_fpga\src\DebugModule_top.sv":71)
WARN  (EX2565) : Input 'sysbus_s_a_size[2]' on this instance is undriven. Assigning to 0, simulation mismatch possible. Please assign the input or remove the declaration("D:\MetaWise\Documents\020220\debug_module\FPGA_debugModule\debug_module_spyglass_signoff_fpga\src\DebugModule_top.sv":71)
WARN  (EX2565) : Input 'sysbus_s_a_size[1]' on this instance is undriven. Assigning to 0, simulation mismatch possible. Please assign the input or remove the declaration("D:\MetaWise\Documents\020220\debug_module\FPGA_debugModule\debug_module_spyglass_signoff_fpga\src\DebugModule_top.sv":71)
WARN  (EX2565) : Input 'sysbus_s_a_size[0]' on this instance is undriven. Assigning to 0, simulation mismatch possible. Please assign the input or remove the declaration("D:\MetaWise\Documents\020220\debug_module\FPGA_debugModule\debug_module_spyglass_signoff_fpga\src\DebugModule_top.sv":71)
WARN  (EX2565) : Input 'sysbus_s_a_source[2]' on this instance is undriven. Assigning to 0, simulation mismatch possible. Please assign the input or remove the declaration("D:\MetaWise\Documents\020220\debug_module\FPGA_debugModule\debug_module_spyglass_signoff_fpga\src\DebugModule_top.sv":71)
WARN  (EX2565) : Input 'sysbus_s_a_source[1]' on this instance is undriven. Assigning to 0, simulation mismatch possible. Please assign the input or remove the declaration("D:\MetaWise\Documents\020220\debug_module\FPGA_debugModule\debug_module_spyglass_signoff_fpga\src\DebugModule_top.sv":71)
WARN  (EX2565) : Input 'sysbus_s_a_source[0]' on this instance is undriven. Assigning to 0, simulation mismatch possible. Please assign the input or remove the declaration("D:\MetaWise\Documents\020220\debug_module\FPGA_debugModule\debug_module_spyglass_signoff_fpga\src\DebugModule_top.sv":71)
WARN  (EX2565) : Input 'sysbus_s_a_address[31]' on this instance is undriven. Assigning to 0, simulation mismatch possible. Please assign the input or remove the declaration("D:\MetaWise\Documents\020220\debug_module\FPGA_debugModule\debug_module_spyglass_signoff_fpga\src\DebugModule_top.sv":71)
WARN  (EX2565) : Input 'sysbus_s_a_address[30]' on this instance is undriven. Assigning to 0, simulation mismatch possible. Please assign the input or remove the declaration("D:\MetaWise\Documents\020220\debug_module\FPGA_debugModule\debug_module_spyglass_signoff_fpga\src\DebugModule_top.sv":71)
WARN  (EX2565) : Input 'sysbus_s_a_address[29]' on this instance is undriven. Assigning to 0, simulation mismatch possible. Please assign the input or remove the declaration("D:\MetaWise\Documents\020220\debug_module\FPGA_debugModule\debug_module_spyglass_signoff_fpga\src\DebugModule_top.sv":71)
WARN  (EX2565) : Input 'sysbus_s_a_address[28]' on this instance is undriven. Assigning to 0, simulation mismatch possible. Please assign the input or remove the declaration("D:\MetaWise\Documents\020220\debug_module\FPGA_debugModule\debug_module_spyglass_signoff_fpga\src\DebugModule_top.sv":71)
WARN  (EX2565) : Input 'sysbus_s_a_address[27]' on this instance is undriven. Assigning to 0, simulation mismatch possible. Please assign the input or remove the declaration("D:\MetaWise\Documents\020220\debug_module\FPGA_debugModule\debug_module_spyglass_signoff_fpga\src\DebugModule_top.sv":71)
WARN  (EX2565) : Input 'sysbus_s_a_address[26]' on this instance is undriven. Assigning to 0, simulation mismatch possible. Please assign the input or remove the declaration("D:\MetaWise\Documents\020220\debug_module\FPGA_debugModule\debug_module_spyglass_signoff_fpga\src\DebugModule_top.sv":71)
WARN  (EX2565) : Input 'sysbus_s_a_address[25]' on this instance is undriven. Assigning to 0, simulation mismatch possible. Please assign the input or remove the declaration("D:\MetaWise\Documents\020220\debug_module\FPGA_debugModule\debug_module_spyglass_signoff_fpga\src\DebugModule_top.sv":71)
WARN  (EX2565) : Input 'sysbus_s_a_address[24]' on this instance is undriven. Assigning to 0, simulation mismatch possible. Please assign the input or remove the declaration("D:\MetaWise\Documents\020220\debug_module\FPGA_debugModule\debug_module_spyglass_signoff_fpga\src\DebugModule_top.sv":71)
WARN  (EX2565) : Input 'sysbus_s_a_address[23]' on this instance is undriven. Assigning to 0, simulation mismatch possible. Please assign the input or remove the declaration("D:\MetaWise\Documents\020220\debug_module\FPGA_debugModule\debug_module_spyglass_signoff_fpga\src\DebugModule_top.sv":71)
WARN  (EX2565) : Input 'sysbus_s_a_address[22]' on this instance is undriven. Assigning to 0, simulation mismatch possible. Please assign the input or remove the declaration("D:\MetaWise\Documents\020220\debug_module\FPGA_debugModule\debug_module_spyglass_signoff_fpga\src\DebugModule_top.sv":71)
WARN  (EX2565) : Input 'sysbus_s_a_address[21]' on this instance is undriven. Assigning to 0, simulation mismatch possible. Please assign the input or remove the declaration("D:\MetaWise\Documents\020220\debug_module\FPGA_debugModule\debug_module_spyglass_signoff_fpga\src\DebugModule_top.sv":71)
WARN  (EX2565) : Input 'sysbus_s_a_address[20]' on this instance is undriven. Assigning to 0, simulation mismatch possible. Please assign the input or remove the declaration("D:\MetaWise\Documents\020220\debug_module\FPGA_debugModule\debug_module_spyglass_signoff_fpga\src\DebugModule_top.sv":71)
WARN  (EX2565) : Input 'sysbus_s_a_address[19]' on this instance is undriven. Assigning to 0, simulation mismatch possible. Please assign the input or remove the declaration("D:\MetaWise\Documents\020220\debug_module\FPGA_debugModule\debug_module_spyglass_signoff_fpga\src\DebugModule_top.sv":71)
WARN  (EX2565) : Input 'sysbus_s_a_address[18]' on this instance is undriven. Assigning to 0, simulation mismatch possible. Please assign the input or remove the declaration("D:\MetaWise\Documents\020220\debug_module\FPGA_debugModule\debug_module_spyglass_signoff_fpga\src\DebugModule_top.sv":71)
WARN  (EX2565) : Input 'sysbus_s_a_address[17]' on this instance is undriven. Assigning to 0, simulation mismatch possible. Please assign the input or remove the declaration("D:\MetaWise\Documents\020220\debug_module\FPGA_debugModule\debug_module_spyglass_signoff_fpga\src\DebugModule_top.sv":71)
WARN  (EX2565) : Input 'sysbus_s_a_address[16]' on this instance is undriven. Assigning to 0, simulation mismatch possible. Please assign the input or remove the declaration("D:\MetaWise\Documents\020220\debug_module\FPGA_debugModule\debug_module_spyglass_signoff_fpga\src\DebugModule_top.sv":71)
WARN  (EX2565) : Input 'sysbus_s_a_address[15]' on this instance is undriven. Assigning to 0, simulation mismatch possible. Please assign the input or remove the declaration("D:\MetaWise\Documents\020220\debug_module\FPGA_debugModule\debug_module_spyglass_signoff_fpga\src\DebugModule_top.sv":71)
WARN  (EX2565) : Input 'sysbus_s_a_address[14]' on this instance is undriven. Assigning to 0, simulation mismatch possible. Please assign the input or remove the declaration("D:\MetaWise\Documents\020220\debug_module\FPGA_debugModule\debug_module_spyglass_signoff_fpga\src\DebugModule_top.sv":71)
WARN  (EX2565) : Input 'sysbus_s_a_address[13]' on this instance is undriven. Assigning to 0, simulation mismatch possible. Please assign the input or remove the declaration("D:\MetaWise\Documents\020220\debug_module\FPGA_debugModule\debug_module_spyglass_signoff_fpga\src\DebugModule_top.sv":71)
WARN  (EX2565) : Input 'sysbus_s_a_address[12]' on this instance is undriven. Assigning to 0, simulation mismatch possible. Please assign the input or remove the declaration("D:\MetaWise\Documents\020220\debug_module\FPGA_debugModule\debug_module_spyglass_signoff_fpga\src\DebugModule_top.sv":71)
WARN  (EX2565) : Input 'sysbus_s_a_address[11]' on this instance is undriven. Assigning to 0, simulation mismatch possible. Please assign the input or remove the declaration("D:\MetaWise\Documents\020220\debug_module\FPGA_debugModule\debug_module_spyglass_signoff_fpga\src\DebugModule_top.sv":71)
WARN  (EX2565) : Input 'sysbus_s_a_address[10]' on this instance is undriven. Assigning to 0, simulation mismatch possible. Please assign the input or remove the declaration("D:\MetaWise\Documents\020220\debug_module\FPGA_debugModule\debug_module_spyglass_signoff_fpga\src\DebugModule_top.sv":71)
WARN  (EX2565) : Input 'sysbus_s_a_address[9]' on this instance is undriven. Assigning to 0, simulation mismatch possible. Please assign the input or remove the declaration("D:\MetaWise\Documents\020220\debug_module\FPGA_debugModule\debug_module_spyglass_signoff_fpga\src\DebugModule_top.sv":71)
WARN  (EX2565) : Input 'sysbus_s_a_address[8]' on this instance is undriven. Assigning to 0, simulation mismatch possible. Please assign the input or remove the declaration("D:\MetaWise\Documents\020220\debug_module\FPGA_debugModule\debug_module_spyglass_signoff_fpga\src\DebugModule_top.sv":71)
WARN  (EX2565) : Input 'sysbus_s_a_address[7]' on this instance is undriven. Assigning to 0, simulation mismatch possible. Please assign the input or remove the declaration("D:\MetaWise\Documents\020220\debug_module\FPGA_debugModule\debug_module_spyglass_signoff_fpga\src\DebugModule_top.sv":71)
WARN  (EX2565) : Input 'sysbus_s_a_address[6]' on this instance is undriven. Assigning to 0, simulation mismatch possible. Please assign the input or remove the declaration("D:\MetaWise\Documents\020220\debug_module\FPGA_debugModule\debug_module_spyglass_signoff_fpga\src\DebugModule_top.sv":71)
WARN  (EX2565) : Input 'sysbus_s_a_address[5]' on this instance is undriven. Assigning to 0, simulation mismatch possible. Please assign the input or remove the declaration("D:\MetaWise\Documents\020220\debug_module\FPGA_debugModule\debug_module_spyglass_signoff_fpga\src\DebugModule_top.sv":71)
WARN  (EX2565) : Input 'sysbus_s_a_address[4]' on this instance is undriven. Assigning to 0, simulation mismatch possible. Please assign the input or remove the declaration("D:\MetaWise\Documents\020220\debug_module\FPGA_debugModule\debug_module_spyglass_signoff_fpga\src\DebugModule_top.sv":71)
WARN  (EX2565) : Input 'sysbus_s_a_address[3]' on this instance is undriven. Assigning to 0, simulation mismatch possible. Please assign the input or remove the declaration("D:\MetaWise\Documents\020220\debug_module\FPGA_debugModule\debug_module_spyglass_signoff_fpga\src\DebugModule_top.sv":71)
WARN  (EX2565) : Input 'sysbus_s_a_address[2]' on this instance is undriven. Assigning to 0, simulation mismatch possible. Please assign the input or remove the declaration("D:\MetaWise\Documents\020220\debug_module\FPGA_debugModule\debug_module_spyglass_signoff_fpga\src\DebugModule_top.sv":71)
WARN  (EX2565) : Input 'sysbus_s_a_address[1]' on this instance is undriven. Assigning to 0, simulation mismatch possible. Please assign the input or remove the declaration("D:\MetaWise\Documents\020220\debug_module\FPGA_debugModule\debug_module_spyglass_signoff_fpga\src\DebugModule_top.sv":71)
WARN  (EX2565) : Input 'sysbus_s_a_address[0]' on this instance is undriven. Assigning to 0, simulation mismatch possible. Please assign the input or remove the declaration("D:\MetaWise\Documents\020220\debug_module\FPGA_debugModule\debug_module_spyglass_signoff_fpga\src\DebugModule_top.sv":71)
WARN  (EX2565) : Input 'sysbus_s_a_mask[3]' on this instance is undriven. Assigning to 0, simulation mismatch possible. Please assign the input or remove the declaration("D:\MetaWise\Documents\020220\debug_module\FPGA_debugModule\debug_module_spyglass_signoff_fpga\src\DebugModule_top.sv":71)
WARN  (EX2565) : Input 'sysbus_s_a_mask[2]' on this instance is undriven. Assigning to 0, simulation mismatch possible. Please assign the input or remove the declaration("D:\MetaWise\Documents\020220\debug_module\FPGA_debugModule\debug_module_spyglass_signoff_fpga\src\DebugModule_top.sv":71)
WARN  (EX2565) : Input 'sysbus_s_a_mask[1]' on this instance is undriven. Assigning to 0, simulation mismatch possible. Please assign the input or remove the declaration("D:\MetaWise\Documents\020220\debug_module\FPGA_debugModule\debug_module_spyglass_signoff_fpga\src\DebugModule_top.sv":71)
WARN  (EX2565) : Input 'sysbus_s_a_mask[0]' on this instance is undriven. Assigning to 0, simulation mismatch possible. Please assign the input or remove the declaration("D:\MetaWise\Documents\020220\debug_module\FPGA_debugModule\debug_module_spyglass_signoff_fpga\src\DebugModule_top.sv":71)
WARN  (EX2565) : Input 'sysbus_s_a_data[31]' on this instance is undriven. Assigning to 0, simulation mismatch possible. Please assign the input or remove the declaration("D:\MetaWise\Documents\020220\debug_module\FPGA_debugModule\debug_module_spyglass_signoff_fpga\src\DebugModule_top.sv":71)
WARN  (EX2565) : Input 'sysbus_s_a_data[30]' on this instance is undriven. Assigning to 0, simulation mismatch possible. Please assign the input or remove the declaration("D:\MetaWise\Documents\020220\debug_module\FPGA_debugModule\debug_module_spyglass_signoff_fpga\src\DebugModule_top.sv":71)
WARN  (EX2565) : Input 'sysbus_s_a_data[29]' on this instance is undriven. Assigning to 0, simulation mismatch possible. Please assign the input or remove the declaration("D:\MetaWise\Documents\020220\debug_module\FPGA_debugModule\debug_module_spyglass_signoff_fpga\src\DebugModule_top.sv":71)
WARN  (EX2565) : Input 'sysbus_s_a_data[28]' on this instance is undriven. Assigning to 0, simulation mismatch possible. Please assign the input or remove the declaration("D:\MetaWise\Documents\020220\debug_module\FPGA_debugModule\debug_module_spyglass_signoff_fpga\src\DebugModule_top.sv":71)
WARN  (EX2565) : Input 'sysbus_s_a_data[27]' on this instance is undriven. Assigning to 0, simulation mismatch possible. Please assign the input or remove the declaration("D:\MetaWise\Documents\020220\debug_module\FPGA_debugModule\debug_module_spyglass_signoff_fpga\src\DebugModule_top.sv":71)
WARN  (EX2565) : Input 'sysbus_s_a_data[26]' on this instance is undriven. Assigning to 0, simulation mismatch possible. Please assign the input or remove the declaration("D:\MetaWise\Documents\020220\debug_module\FPGA_debugModule\debug_module_spyglass_signoff_fpga\src\DebugModule_top.sv":71)
WARN  (EX2565) : Input 'sysbus_s_a_data[25]' on this instance is undriven. Assigning to 0, simulation mismatch possible. Please assign the input or remove the declaration("D:\MetaWise\Documents\020220\debug_module\FPGA_debugModule\debug_module_spyglass_signoff_fpga\src\DebugModule_top.sv":71)
WARN  (EX2565) : Input 'sysbus_s_a_data[24]' on this instance is undriven. Assigning to 0, simulation mismatch possible. Please assign the input or remove the declaration("D:\MetaWise\Documents\020220\debug_module\FPGA_debugModule\debug_module_spyglass_signoff_fpga\src\DebugModule_top.sv":71)
WARN  (EX2565) : Input 'sysbus_s_a_data[23]' on this instance is undriven. Assigning to 0, simulation mismatch possible. Please assign the input or remove the declaration("D:\MetaWise\Documents\020220\debug_module\FPGA_debugModule\debug_module_spyglass_signoff_fpga\src\DebugModule_top.sv":71)
WARN  (EX2565) : Input 'sysbus_s_a_data[22]' on this instance is undriven. Assigning to 0, simulation mismatch possible. Please assign the input or remove the declaration("D:\MetaWise\Documents\020220\debug_module\FPGA_debugModule\debug_module_spyglass_signoff_fpga\src\DebugModule_top.sv":71)
WARN  (EX2565) : Input 'sysbus_s_a_data[21]' on this instance is undriven. Assigning to 0, simulation mismatch possible. Please assign the input or remove the declaration("D:\MetaWise\Documents\020220\debug_module\FPGA_debugModule\debug_module_spyglass_signoff_fpga\src\DebugModule_top.sv":71)
WARN  (EX2565) : Input 'sysbus_s_a_data[20]' on this instance is undriven. Assigning to 0, simulation mismatch possible. Please assign the input or remove the declaration("D:\MetaWise\Documents\020220\debug_module\FPGA_debugModule\debug_module_spyglass_signoff_fpga\src\DebugModule_top.sv":71)
WARN  (EX2565) : Input 'sysbus_s_a_data[19]' on this instance is undriven. Assigning to 0, simulation mismatch possible. Please assign the input or remove the declaration("D:\MetaWise\Documents\020220\debug_module\FPGA_debugModule\debug_module_spyglass_signoff_fpga\src\DebugModule_top.sv":71)
WARN  (EX2565) : Input 'sysbus_s_a_data[18]' on this instance is undriven. Assigning to 0, simulation mismatch possible. Please assign the input or remove the declaration("D:\MetaWise\Documents\020220\debug_module\FPGA_debugModule\debug_module_spyglass_signoff_fpga\src\DebugModule_top.sv":71)
WARN  (EX2565) : Input 'sysbus_s_a_data[17]' on this instance is undriven. Assigning to 0, simulation mismatch possible. Please assign the input or remove the declaration("D:\MetaWise\Documents\020220\debug_module\FPGA_debugModule\debug_module_spyglass_signoff_fpga\src\DebugModule_top.sv":71)
WARN  (EX2565) : Input 'sysbus_s_a_data[16]' on this instance is undriven. Assigning to 0, simulation mismatch possible. Please assign the input or remove the declaration("D:\MetaWise\Documents\020220\debug_module\FPGA_debugModule\debug_module_spyglass_signoff_fpga\src\DebugModule_top.sv":71)
WARN  (EX2565) : Input 'sysbus_s_a_data[15]' on this instance is undriven. Assigning to 0, simulation mismatch possible. Please assign the input or remove the declaration("D:\MetaWise\Documents\020220\debug_module\FPGA_debugModule\debug_module_spyglass_signoff_fpga\src\DebugModule_top.sv":71)
WARN  (EX2565) : Input 'sysbus_s_a_data[14]' on this instance is undriven. Assigning to 0, simulation mismatch possible. Please assign the input or remove the declaration("D:\MetaWise\Documents\020220\debug_module\FPGA_debugModule\debug_module_spyglass_signoff_fpga\src\DebugModule_top.sv":71)
WARN  (EX2565) : Input 'sysbus_s_a_data[13]' on this instance is undriven. Assigning to 0, simulation mismatch possible. Please assign the input or remove the declaration("D:\MetaWise\Documents\020220\debug_module\FPGA_debugModule\debug_module_spyglass_signoff_fpga\src\DebugModule_top.sv":71)
WARN  (EX2565) : Input 'sysbus_s_a_data[12]' on this instance is undriven. Assigning to 0, simulation mismatch possible. Please assign the input or remove the declaration("D:\MetaWise\Documents\020220\debug_module\FPGA_debugModule\debug_module_spyglass_signoff_fpga\src\DebugModule_top.sv":71)
WARN  (EX2565) : Input 'sysbus_s_a_data[11]' on this instance is undriven. Assigning to 0, simulation mismatch possible. Please assign the input or remove the declaration("D:\MetaWise\Documents\020220\debug_module\FPGA_debugModule\debug_module_spyglass_signoff_fpga\src\DebugModule_top.sv":71)
WARN  (EX2565) : Input 'sysbus_s_a_data[10]' on this instance is undriven. Assigning to 0, simulation mismatch possible. Please assign the input or remove the declaration("D:\MetaWise\Documents\020220\debug_module\FPGA_debugModule\debug_module_spyglass_signoff_fpga\src\DebugModule_top.sv":71)
WARN  (EX2565) : Input 'sysbus_s_a_data[9]' on this instance is undriven. Assigning to 0, simulation mismatch possible. Please assign the input or remove the declaration("D:\MetaWise\Documents\020220\debug_module\FPGA_debugModule\debug_module_spyglass_signoff_fpga\src\DebugModule_top.sv":71)
WARN  (EX2565) : Input 'sysbus_s_a_data[8]' on this instance is undriven. Assigning to 0, simulation mismatch possible. Please assign the input or remove the declaration("D:\MetaWise\Documents\020220\debug_module\FPGA_debugModule\debug_module_spyglass_signoff_fpga\src\DebugModule_top.sv":71)
WARN  (EX2565) : Input 'sysbus_s_a_data[7]' on this instance is undriven. Assigning to 0, simulation mismatch possible. Please assign the input or remove the declaration("D:\MetaWise\Documents\020220\debug_module\FPGA_debugModule\debug_module_spyglass_signoff_fpga\src\DebugModule_top.sv":71)
WARN  (EX2565) : Input 'sysbus_s_a_data[6]' on this instance is undriven. Assigning to 0, simulation mismatch possible. Please assign the input or remove the declaration("D:\MetaWise\Documents\020220\debug_module\FPGA_debugModule\debug_module_spyglass_signoff_fpga\src\DebugModule_top.sv":71)
WARN  (EX2565) : Input 'sysbus_s_a_data[5]' on this instance is undriven. Assigning to 0, simulation mismatch possible. Please assign the input or remove the declaration("D:\MetaWise\Documents\020220\debug_module\FPGA_debugModule\debug_module_spyglass_signoff_fpga\src\DebugModule_top.sv":71)
WARN  (EX2565) : Input 'sysbus_s_a_data[4]' on this instance is undriven. Assigning to 0, simulation mismatch possible. Please assign the input or remove the declaration("D:\MetaWise\Documents\020220\debug_module\FPGA_debugModule\debug_module_spyglass_signoff_fpga\src\DebugModule_top.sv":71)
WARN  (EX2565) : Input 'sysbus_s_a_data[3]' on this instance is undriven. Assigning to 0, simulation mismatch possible. Please assign the input or remove the declaration("D:\MetaWise\Documents\020220\debug_module\FPGA_debugModule\debug_module_spyglass_signoff_fpga\src\DebugModule_top.sv":71)
WARN  (EX2565) : Input 'sysbus_s_a_data[2]' on this instance is undriven. Assigning to 0, simulation mismatch possible. Please assign the input or remove the declaration("D:\MetaWise\Documents\020220\debug_module\FPGA_debugModule\debug_module_spyglass_signoff_fpga\src\DebugModule_top.sv":71)
WARN  (EX2565) : Input 'sysbus_s_a_data[1]' on this instance is undriven. Assigning to 0, simulation mismatch possible. Please assign the input or remove the declaration("D:\MetaWise\Documents\020220\debug_module\FPGA_debugModule\debug_module_spyglass_signoff_fpga\src\DebugModule_top.sv":71)
WARN  (EX2565) : Input 'sysbus_s_a_data[0]' on this instance is undriven. Assigning to 0, simulation mismatch possible. Please assign the input or remove the declaration("D:\MetaWise\Documents\020220\debug_module\FPGA_debugModule\debug_module_spyglass_signoff_fpga\src\DebugModule_top.sv":71)
WARN  (EX2565) : Input 'sysbus_s_d_ready' on this instance is undriven. Assigning to 0, simulation mismatch possible. Please assign the input or remove the declaration("D:\MetaWise\Documents\020220\debug_module\FPGA_debugModule\debug_module_spyglass_signoff_fpga\src\DebugModule_top.sv":71)
NOTE  (EX0101) : Current top module is "DebugModule_top"
[5%] Running netlist conversion ...
Running device independent optimization ...
[10%] Optimizing Phase 0 completed
[15%] Optimizing Phase 1 completed
[25%] Optimizing Phase 2 completed
Running inference ...
[30%] Inferring Phase 0 completed
[40%] Inferring Phase 1 completed
[50%] Inferring Phase 2 completed
[55%] Inferring Phase 3 completed
Running technical mapping ...
[60%] Tech-Mapping Phase 0 completed
[65%] Tech-Mapping Phase 1 completed
[75%] Tech-Mapping Phase 2 completed
[80%] Tech-Mapping Phase 3 completed
[90%] Tech-Mapping Phase 4 completed
WARN  (NL0002) : The module "trace_update" instantiated to "trace_fifo_update" is swept in optimizing("D:\MetaWise\Documents\020220\debug_module\FPGA_debugModule\debug_module_spyglass_signoff_fpga\src\strace.sv":443)
[95%] Generate netlist file "D:\MetaWise\Documents\020220\debug_module\FPGA_debugModule\debug_module_spyglass_signoff_fpga\impl\gwsynthesis\debug_module_spyglass_signoff_fpga.vg" completed
[100%] Generate report file "D:\MetaWise\Documents\020220\debug_module\FPGA_debugModule\debug_module_spyglass_signoff_fpga\impl\gwsynthesis\debug_module_spyglass_signoff_fpga_syn.rpt.html" completed
GowinSynthesis finish
